[35m[Appium][39m Welcome to Appium v1.22.3
[35m[Appium][39m Non-default server args:
[35m[Appium][39m   port: 61991
[35m[Appium][39m   tmpDir: C:\Users\ASUS\AppData\Local\Temp\\Katalon\Appium\Temp1688120714571
[35m[Appium][39m   chromedriverPort: 61992
[35m[Appium][39m Deprecated server args:
[35m[Appium][39m   [31m--chromedriver-port[39m => --default-capabilities
[35m[Appium][39m Default capabilities, which will be added to each request unless overridden by desired capabilities:
[35m[Appium][39m   chromedriverPort: 61992
[35m[Appium][39m Appium REST http interface listener started on 0.0.0.0:61991
[35m[HTTP][39m [37m-->[39m [37mGET[39m [37m/wd/hub/status[39m
[35m[HTTP][39m [90m{}[39m
[debug] [35m[GENERIC][39m Calling AppiumDriver.getStatus() with args: []
[debug] [35m[GENERIC][39m Responding to client with driver.getStatus() result: {"build":{"version":"1.22.3"}}
[35m[HTTP][39m [37m<-- GET /wd/hub/status [39m[32m200[39m [90m4 ms - 68[39m
[35m[HTTP][39m [90m[39m
[35m[HTTP][39m [37m-->[39m [37mGET[39m [37m/wd/hub/status[39m
[35m[HTTP][39m [90m{}[39m
[debug] [35m[GENERIC][39m Calling AppiumDriver.getStatus() with args: []
[debug] [35m[GENERIC][39m Responding to client with driver.getStatus() result: {"build":{"version":"1.22.3"}}
[35m[HTTP][39m [37m<-- GET /wd/hub/status [39m[32m200[39m [90m1 ms - 68[39m
[35m[HTTP][39m [90m[39m
[35m[HTTP][39m [37m-->[39m [37mPOST[39m [37m/wd/hub/session[39m
[35m[HTTP][39m [90m{"desiredCapabilities":{"appPackage":"com.android.settings","appWaitforLaunch":false,"noReset":true,"appWaitActivity":"*","deviceId":"","deviceName":"realme RMX1921 (Android 11)","platform":"ANDROID","appActivity":".Settings","newCommandTimeout":1800,"platformVersion":"11","automationName":"uiautomator2","autoGrantPermissions":true,"platformName":"Android","udid":"fd03a52e","ignoreHiddenApiPolicyError":true,"systemPort":8290},"capabilities":{"firstMatch":[{"appium:appActivity":".Settings","appium:appPackage":"com.android.settings","appium:appWaitActivity":"*","appWaitforLaunch":false,"appium:autoGrantPermissions":true,"appium:automationName":"uiautomator2","deviceId":"","appium:deviceName":"realme RMX1921 (Android 11)","ignoreHiddenApiPolicyError":true,"appium:newCommandTimeout":1800,"appium:noReset":true,"platform":"ANDROID","platformName":"android","appium:platformVersion":"11","appium:systemPort":8290,"appium:udid":"fd03a52e"}]}}[39m
[debug] [35m[W3C][39m Calling AppiumDriver.createSession() with args: [{"appPackage":"com.android.settings","appWaitforLaunch":false,"noReset":true,"appWaitActivity":"*","deviceId":"","deviceName":"realme RMX1921 (Android 11)","platform":"ANDROID","appActivity":".Settings","newCommandTimeout":1800,"platformVersion":"11","automationName":"uiautomator2","autoGrantPermissions":true,"platformName":"Android","udid":"fd03a52e","ignoreHiddenApiPolicyError":true,"systemPort":8290},null,{"firstMatch":[{"appium:appActivity":".Settings","appium:appPackage":"com.android.settings","appium:appWaitActivity":"*","appWaitforLaunch":false,"appium:autoGrantPermissions":true,"appium:automationName":"uiautomator2","deviceId":"","appium:deviceName":"realme RMX1921 (Android 11)","ignoreHiddenApiPolicyError":true,"appium:newCommandTimeout":1800,"appium:noReset":true,"platform":"ANDROID","platformName":"android","appium:platformVersion":"11","appium:systemPort":8290,"appium:udid":"fd03a52e"}]}]
[debug] [35m[BaseDriver][39m Event 'newSessionRequested' logged at 1688120716086 (17:25:16 GMT+0700 (Indochina Time))
[35m[BaseDriver][39m The following capabilities are not standard capabilities and should have an extension prefix:
[35m[BaseDriver][39m   appWaitforLaunch
[35m[BaseDriver][39m   deviceId
[35m[BaseDriver][39m   ignoreHiddenApiPolicyError
[35m[BaseDriver][39m   platform
[35m[BaseDriver][39m   chromedriverPort
[35m[Appium][39m Appium v1.22.3 creating new AndroidUiautomator2Driver (v1.70.1) session
[debug] [35m[BaseDriver][39m W3C capabilities and MJSONWP desired capabilities were provided
[debug] [35m[BaseDriver][39m Creating session with W3C capabilities: {
[debug] [35m[BaseDriver][39m   "alwaysMatch": {
[debug] [35m[BaseDriver][39m     "appium:appWaitforLaunch": false,
[debug] [35m[BaseDriver][39m     "appium:deviceId": "",
[debug] [35m[BaseDriver][39m     "appium:ignoreHiddenApiPolicyError": true,
[debug] [35m[BaseDriver][39m     "appium:platform": "ANDROID",
[debug] [35m[BaseDriver][39m     "platformName": "android",
[debug] [35m[BaseDriver][39m     "appium:chromedriverPort": 61992,
[debug] [35m[BaseDriver][39m     "appium:appActivity": ".Settings",
[debug] [35m[BaseDriver][39m     "appium:appPackage": "com.android.settings",
[debug] [35m[BaseDriver][39m     "appium:appWaitActivity": "*",
[debug] [35m[BaseDriver][39m     "appium:autoGrantPermissions": true,
[debug] [35m[BaseDriver][39m     "appium:automationName": "uiautomator2",
[debug] [35m[BaseDriver][39m     "appium:deviceName": "realme RMX1921 (Android 11)",
[debug] [35m[BaseDriver][39m     "appium:newCommandTimeout": 1800,
[debug] [35m[BaseDriver][39m     "appium:noReset": true,
[debug] [35m[BaseDriver][39m     "appium:platformVersion": "11",
[debug] [35m[BaseDriver][39m     "appium:systemPort": 8290,
[debug] [35m[BaseDriver][39m     "appium:udid": "fd03a52e"
[debug] [35m[BaseDriver][39m   },
[debug] [35m[BaseDriver][39m   "firstMatch": [
[debug] [35m[BaseDriver][39m     {}
[debug] [35m[BaseDriver][39m   ]
[debug] [35m[BaseDriver][39m }
[35m[BaseDriver][39m The following capabilities were provided, but are not recognized by Appium:
[35m[BaseDriver][39m   appWaitforLaunch
[35m[BaseDriver][39m   deviceId
[35m[BaseDriver][39m   platform
[35m[BaseDriver][39m Session created with session id: 6d9533c7-ba04-4c47-8ef3-178a80e4e791
[35m[UiAutomator2][39m Starting 'com.android.settings' directly on the device
[35m[ADB][39m Found 1 'build-tools' folders under 'C:\Users\ASUS\AppData\Local\Android\Sdk' (newest first):
[35m[ADB][39m     C:/Users/ASUS/AppData/Local/Android/Sdk/build-tools/33.0.2
[35m[ADB][39m Using 'adb.exe' from 'C:\Users\ASUS\AppData\Local\Android\Sdk\platform-tools\adb.exe'
[debug] [35m[ADB][39m Running 'C:\Users\ASUS\AppData\Local\Android\Sdk\platform-tools\adb.exe -P 5037 start-server'
[35m[AndroidDriver][39m Retrieving device list
[debug] [35m[ADB][39m Trying to find a connected android device
[debug] [35m[ADB][39m Getting connected devices
[debug] [35m[ADB][39m Connected devices: [{"udid":"fd03a52e","state":"device"}]
[35m[AndroidDriver][39m Using device: fd03a52e
[35m[ADB][39m Using 'adb.exe' from 'C:\Users\ASUS\AppData\Local\Android\Sdk\platform-tools\adb.exe'
[debug] [35m[ADB][39m Running 'C:\Users\ASUS\AppData\Local\Android\Sdk\platform-tools\adb.exe -P 5037 start-server'
[debug] [35m[ADB][39m Setting device id to fd03a52e
[debug] [35m[ADB][39m Running 'C:\Users\ASUS\AppData\Local\Android\Sdk\platform-tools\adb.exe -P 5037 -s fd03a52e shell getprop ro.build.version.sdk'
[debug] [35m[ADB][39m Current device property 'ro.build.version.sdk': 30
[35m[ADB][39m Getting device platform version
[debug] [35m[ADB][39m Running 'C:\Users\ASUS\AppData\Local\Android\Sdk\platform-tools\adb.exe -P 5037 -s fd03a52e shell getprop ro.build.version.release'
[debug] [35m[ADB][39m Current device property 'ro.build.version.release': 11
[debug] [35m[ADB][39m Device API level: 30
[35m[UiAutomator2][39m Relaxing hidden api policy
[debug] [35m[ADB][39m Running 'C:\Users\ASUS\AppData\Local\Android\Sdk\platform-tools\adb.exe -P 5037 -s fd03a52e shell 'settings put global hidden_api_policy_pre_p_apps 1;settings put global hidden_api_policy_p_apps 1;settings put global hidden_api_policy 1''
[35m[ADB][39m Failed to set setting keys 'hidden_api_policy_pre_p_apps,hidden_api_policy_p_apps,hidden_api_policy' to '1'. Original error: Error executing adbExec. Original error: 'Command 'C:\\Users\\ASUS\\AppData\\Local\\Android\\Sdk\\platform-tools\\adb.exe -P 5037 -s fd03a52e shell 'settings put global hidden_api_policy_pre_p_apps 1;settings put global hidden_api_policy_p_apps 1;settings put global hidden_api_policy 1'' exited with code 255'; Command output: 
[35m[ADB][39m Exception occurred while executing 'put':
[35m[ADB][39m java.lang.SecurityException: Permission denial: writing to settings requires:android.permission.WRITE_SECURE_SETTINGS
[35m[ADB][39m 	at com.android.providers.settings.SettingsProvider.enforceWritePermission(SettingsProvider.java:2399)
[35m[ADB][39m 	at com.android.providers.settings.SettingsProvider.mutateGlobalSetting(SettingsProvider.java:1428)
[35m[ADB][39m 	at com.android.providers.settings.SettingsProvider.insertGlobalSetting(SettingsProvider.java:1382)
[35m[ADB][39m 	at com.android.providers.settings.SettingsProvider.call(SettingsProvider.java:516)
[35m[ADB][39m 	at android.content.ContentProvider.call(ContentProvider.java:2448)
[35m[ADB][39m 	at android.content.ContentProvider$Transport.call(ContentProvider.java:517)
[35m[ADB][39m 	at com.android.providers.settings.SettingsService$MyShellCommand.putForUser(SettingsService.java:375)
[35m[ADB][39m 	at com.android.providers.settings.SettingsService$MyShellCommand.onCommand(SettingsService.java:277)
[35m[ADB][39m 	at android.os.BasicShellCommandHandler.exec(BasicShellCommandHandler.java:98)
[35m[ADB][39m 	at android.os.ShellCommand.exec(ShellCommand.java:44)
[35m[ADB][39m 	at com.android.providers.settings.SettingsService.onShellCommand(SettingsService.java:49)
[35m[ADB][39m 	at android.os.Binder.shellCommand(Binder.java:936)
[35m[ADB][39m 	at android.os.Binder.onTransact(Binder.java:820)
[35m[ADB][39m 	at android.os.Binder.execTransactInternal(Binder.java:1166)
[35m[ADB][39m 	at android.os.Binder.execTransact(Binder.java:1130)
[35m[ADB][39m 
[35m[ADB][39m Exception occurred while executing 'put':
[35m[ADB][39m java.lang.SecurityException: Permission denial: writing to settings requires:android.permission.WRITE_SECURE_SETTINGS
[35m[ADB][39m 	at com.android.providers.settings.SettingsProvider.enforceWritePermission(SettingsProvider.java:2399)
[35m[ADB][39m 	at com.android.providers.settings.SettingsProvider.mutateGlobalSetting(SettingsProvider.java:1428)
[35m[ADB][39m 	at com.android.providers.settings.SettingsProvider.insertGlobalSetting(SettingsProvider.java:1382)
[35m[ADB][39m 	at com.android.providers.settings.SettingsProvider.call(SettingsProvider.java:516)
[35m[ADB][39m 	at android.content.ContentProvider.call(ContentProvider.java:2448)
[35m[ADB][39m 	at android.content.ContentProvider$Transport.call(ContentProvider.java:517)
[35m[ADB][39m 	at com.android.providers.settings.SettingsService$MyShellCommand.putForUser(SettingsService.java:375)
[35m[ADB][39m 	at com.android.providers.settings.SettingsService$MyShellCommand.onCommand(SettingsService.java:277)
[35m[ADB][39m 	at android.os.BasicShellCommandHandler.exec(BasicShellCommandHandler.java:98)
[35m[ADB][39m 	at android.os.ShellCommand.exec(ShellCommand.java:44)
[35m[ADB][39m 	at com.android.providers.settings.SettingsService.onShellCommand(SettingsService.java:49)
[35m[ADB][39m 	at android.os.Binder.shellCommand(Binder.java:936)
[35m[ADB][39m 	at android.os.Binder.onTransact(Binder.java:820)
[35m[ADB][39m 	at android.os.Binder.execTransactInternal(Binder.java:1166)
[35m[ADB][39m 	at android.os.Binder.execTransact(Binder.java:1130)
[35m[ADB][39m 
[35m[ADB][39m Exception occurred while executing 'put':
[35m[ADB][39m java.lang.SecurityException: Permission denial: writing to settings requires:android.permission.WRITE_SECURE_SETTINGS
[35m[ADB][39m 	at com.android.providers.settings.SettingsProvider.enforceWritePermission(SettingsProvider.java:2399)
[35m[ADB][39m 	at com.android.providers.settings.SettingsProvider.mutateGlobalSetting(SettingsProvider.java:1428)
[35m[ADB][39m 	at com.android.providers.settings.SettingsProvider.insertGlobalSetting(SettingsProvider.java:1382)
[35m[ADB][39m 	at com.android.providers.settings.SettingsProvider.call(SettingsProvider.java:516)
[35m[ADB][39m 	at android.content.ContentProvider.call(ContentProvider.java:2448)
[35m[ADB][39m 	at android.content.ContentProvider$Transport.call(ContentProvider.java:517)
[35m[ADB][39m 	at com.android.providers.settings.SettingsService$MyShellCommand.putForUser(SettingsService.java:375)
[35m[ADB][39m 	at com.android.providers.settings.SettingsService$MyShellCommand.onCommand(SettingsService.java:277)
[35m[ADB][39m 	at android.os.BasicShellCommandHandler.exec(BasicShellCommandHandler.java:98)
[35m[ADB][39m 	at android.os.ShellCommand.exec(ShellCommand.java:44)
[35m[ADB][39m 	at com.android.providers.settings.SettingsService.onShellCommand(SettingsService.java:49)
[35m[ADB][39m 	at android.os.Binder.shellCommand(Binder.java:936)
[35m[ADB][39m 	at android.os.Binder.onTransact(Binder.java:820)
[35m[ADB][39m 	at android.os.Binder.execTransactInternal(Binder.java:1166)
[35m[ADB][39m 	at android.os.Binder.execTransact(Binder.java:1130)
[35m[ADB][39m 
[35m[AndroidDriver][39m No app sent in, not parsing package/activity
[debug] [35m[ADB][39m Running 'C:\Users\ASUS\AppData\Local\Android\Sdk\platform-tools\adb.exe -P 5037 -s fd03a52e wait-for-device'
[debug] [35m[ADB][39m Running 'C:\Users\ASUS\AppData\Local\Android\Sdk\platform-tools\adb.exe -P 5037 -s fd03a52e shell echo ping'
[debug] [35m[AndroidDriver][39m Pushing settings apk to device...
[debug] [35m[ADB][39m Getting install status for io.appium.settings
[debug] [35m[ADB][39m Running 'C:\Users\ASUS\AppData\Local\Android\Sdk\platform-tools\adb.exe -P 5037 -s fd03a52e shell dumpsys package io.appium.settings'
[debug] [35m[ADB][39m 'io.appium.settings' is installed
[debug] [35m[ADB][39m Getting package info for 'io.appium.settings'
[debug] [35m[ADB][39m Running 'C:\Users\ASUS\AppData\Local\Android\Sdk\platform-tools\adb.exe -P 5037 -s fd03a52e shell dumpsys package io.appium.settings'
[debug] [35m[ADB][39m The version code of the installed 'io.appium.settings' is greater than the application version code (55 > 30)
[debug] [35m[ADB][39m There is no need to downgrade 'io.appium.settings'
[debug] [35m[ADB][39m Getting IDs of all 'io.appium.settings' processes
[debug] [35m[ADB][39m Running 'C:\Users\ASUS\AppData\Local\Android\Sdk\platform-tools\adb.exe -P 5037 -s fd03a52e shell 'pgrep --help; echo $?''
[debug] [35m[ADB][39m Running 'C:\Users\ASUS\AppData\Local\Android\Sdk\platform-tools\adb.exe -P 5037 -s fd03a52e shell pgrep -f \(\[\[:blank:\]\]\|\^\)io\.appium\.settings\(\[\[:blank:\]\]\|\$\)'
[debug] [35m[AndroidDriver][39m io.appium.settings is already running. There is no need to reset its permissions.
[debug] [35m[ADB][39m Running 'C:\Users\ASUS\AppData\Local\Android\Sdk\platform-tools\adb.exe -P 5037 -s fd03a52e shell appops set io.appium.settings android:mock_location allow'
[35m[AndroidDriver][39m Unable to set mock location for app 'io.appium.settings': Error executing adbExec. Original error: 'Command 'C:\\Users\\ASUS\\AppData\\Local\\Android\\Sdk\\platform-tools\\adb.exe -P 5037 -s fd03a52e shell appops set io.appium.settings android\:mock_location allow' exited with code 255'; Command output: 
[35m[AndroidDriver][39m Exception occurred while executing 'set':
[35m[AndroidDriver][39m java.lang.SecurityException: uid 2000 does not have android.permission.MANAGE_APP_OPS_MODES.
[35m[AndroidDriver][39m 	at android.app.ContextImpl.enforce(ContextImpl.java:2089)
[35m[AndroidDriver][39m 	at android.app.ContextImpl.enforcePermission(ContextImpl.java:2098)
[35m[AndroidDriver][39m 	at com.android.server.appop.AppOpsService.enforceManageAppOpsModes(AppOpsService.java:2217)
[35m[AndroidDriver][39m 	at com.android.server.appop.AppOpsService.setMode(AppOpsService.java:2490)
[35m[AndroidDriver][39m 	at com.android.server.appop.AppOpsService.setMode(AppOpsService.java:2485)
[35m[AndroidDriver][39m 	at com.android.server.appop.AppOpsService.onShellCommand(AppOpsService.java:4792)
[35m[AndroidDriver][39m 	at com.android.server.appop.AppOpsService$Shell.onCommand(AppOpsService.java:4561)
[35m[AndroidDriver][39m 	at android.os.BasicShellCommandHandler.exec(BasicShellCommandHandler.java:98)
[35m[AndroidDriver][39m 	at android.os.ShellCommand.exec(ShellCommand.java:44)
[35m[AndroidDriver][39m 	at com.android.server.appop.AppOpsService.onShellCommand(AppOpsService.java:4733)
[35m[AndroidDriver][39m 	at android.os.Binder.shellCommand(Binder.java:936)
[35m[AndroidDriver][39m 	at android.os.Binder.onTransact(Binder.java:820)
[35m[AndroidDriver][39m 	at com.android.internal.app.IAppOpsService$Stub.onTransact(IAppOpsService.java:1055)
[35m[AndroidDriver][39m 	at android.os.Binder.execTransactInternal(Binder.java:1166)
[35m[AndroidDriver][39m 	at android.os.Binder.execTransact(Binder.java:1130)
[35m[AndroidDriver][39m 
[debug] [35m[Logcat][39m Starting logs capture with command: C:\\Users\\ASUS\\AppData\\Local\\Android\\Sdk\\platform-tools\\adb.exe -P 5037 -s fd03a52e logcat -v threadtime
[debug] [35m[UiAutomator2][39m Forwarding UiAutomator2 Server port 6790 to local port 8290
[debug] [35m[ADB][39m Forwarding system: 8290 to device: 6790
[debug] [35m[ADB][39m Running 'C:\Users\ASUS\AppData\Local\Android\Sdk\platform-tools\adb.exe -P 5037 -s fd03a52e forward tcp:8290 tcp:6790'
[debug] [35m[ADB][39m Getting install status for io.appium.uiautomator2.server
[debug] [35m[ADB][39m Running 'C:\Users\ASUS\AppData\Local\Android\Sdk\platform-tools\adb.exe -P 5037 -s fd03a52e shell dumpsys package io.appium.uiautomator2.server'
[debug] [35m[ADB][39m 'io.appium.uiautomator2.server' is installed
[debug] [35m[ADB][39m Getting package info for 'io.appium.uiautomator2.server'
[debug] [35m[ADB][39m Running 'C:\Users\ASUS\AppData\Local\Android\Sdk\platform-tools\adb.exe -P 5037 -s fd03a52e shell dumpsys package io.appium.uiautomator2.server'
[debug] [35m[ADB][39m The version name of the installed 'io.appium.uiautomator2.server' is greater or equal to the application version name ('4.27.0' >= '4.27.0')
[debug] [35m[UiAutomator2][39m io.appium.uiautomator2.server installation state: sameVersionInstalled
[debug] [35m[ADB][39m Checking app cert for C:\Users\ASUS\AppData\Roaming\npm\node_modules\appium\node_modules\appium-uiautomator2-server\apks\appium-uiautomator2-server-v4.27.0.apk
[35m[ADB][39m Using 'apksigner.jar' from 'C:\Users\ASUS\AppData\Local\Android\Sdk\build-tools\33.0.2\lib\apksigner.jar'
[debug] [35m[ADB][39m Starting apksigner: 'C:\\Users\\ASUS\\Katalon Studio 8.6.0\\jre\\bin\\java.exe' -Xmx1024M -Xss1m -jar C:\\Users\\ASUS\\AppData\\Local\\Android\\Sdk\\build-tools\\33.0.2\\lib\\apksigner.jar verify --print-certs C:\\Users\\ASUS\\AppData\\Roaming\\npm\\node_modules\\appium\\node_modules\\appium-uiautomator2-server\\apks\\appium-uiautomator2-server-v4.27.0.apk
[debug] [35m[ADB][39m apksigner stdout: Signer #1 certificate DN: EMAILADDRESS=android@android.com, CN=Android, OU=Android, O=Android, L=Mountain View, ST=California, C=US
[debug] [35m[ADB][39m Signer #1 certificate SHA-256 digest: a40da80a59d170caa950cf15c18c454d47a39b26989d8b640ecd745ba71bf5dc
[debug] [35m[ADB][39m Signer #1 certificate SHA-1 digest: 61ed377e85d386a8dfee6b864bd85b0bfaa5af81
[debug] [35m[ADB][39m Signer #1 certificate MD5 digest: e89b158e4bcf988ebd09eb83f5378e87
[debug] [35m[ADB][39m 
[debug] [35m[ADB][39m sha256 hash did match for 'appium-uiautomator2-server-v4.27.0.apk'
[35m[ADB][39m 'C:\Users\ASUS\AppData\Roaming\npm\node_modules\appium\node_modules\appium-uiautomator2-server\apks\appium-uiautomator2-server-v4.27.0.apk' is signed with the default certificate
[debug] [35m[ADB][39m Getting install status for io.appium.uiautomator2.server.test
[debug] [35m[ADB][39m Running 'C:\Users\ASUS\AppData\Local\Android\Sdk\platform-tools\adb.exe -P 5037 -s fd03a52e shell dumpsys package io.appium.uiautomator2.server.test'
[debug] [35m[ADB][39m 'io.appium.uiautomator2.server.test' is installed
[debug] [35m[ADB][39m Checking app cert for C:\Users\ASUS\AppData\Roaming\npm\node_modules\appium\node_modules\appium-uiautomator2-server\apks\appium-uiautomator2-server-debug-androidTest.apk
[debug] [35m[ADB][39m Starting apksigner: 'C:\\Users\\ASUS\\Katalon Studio 8.6.0\\jre\\bin\\java.exe' -Xmx1024M -Xss1m -jar C:\\Users\\ASUS\\AppData\\Local\\Android\\Sdk\\build-tools\\33.0.2\\lib\\apksigner.jar verify --print-certs C:\\Users\\ASUS\\AppData\\Roaming\\npm\\node_modules\\appium\\node_modules\\appium-uiautomator2-server\\apks\\appium-uiautomator2-server-debug-androidTest.apk
[debug] [35m[ADB][39m apksigner stdout: Signer #1 certificate DN: EMAILADDRESS=android@android.com, CN=Android, OU=Android, O=Android, L=Mountain View, ST=California, C=US
[debug] [35m[ADB][39m Signer #1 certificate SHA-256 digest: a40da80a59d170caa950cf15c18c454d47a39b26989d8b640ecd745ba71bf5dc
[debug] [35m[ADB][39m Signer #1 certificate SHA-1 digest: 61ed377e85d386a8dfee6b864bd85b0bfaa5af81
[debug] [35m[ADB][39m Signer #1 certificate MD5 digest: e89b158e4bcf988ebd09eb83f5378e87
[debug] [35m[ADB][39m 
[debug] [35m[ADB][39m sha256 hash did match for 'appium-uiautomator2-server-debug-androidTest.apk'
[35m[ADB][39m 'C:\Users\ASUS\AppData\Roaming\npm\node_modules\appium\node_modules\appium-uiautomator2-server\apks\appium-uiautomator2-server-debug-androidTest.apk' is signed with the default certificate
[35m[UiAutomator2][39m Server packages are not going to be (re)installed
[debug] [35m[UiAutomator2][39m Waiting up to 30000ms for services to be available
[debug] [35m[ADB][39m Running 'C:\Users\ASUS\AppData\Local\Android\Sdk\platform-tools\adb.exe -P 5037 -s fd03a52e shell pm list instrumentation'
[debug] [35m[UiAutomator2][39m Instrumentation target 'io.appium.uiautomator2.server.test/androidx.test.runner.AndroidJUnitRunner' is available
[35m[ADB][39m Adding packages ["io.appium.settings","io.appium.uiautomator2.server","io.appium.uiautomator2.server.test"] to Doze whitelist
[debug] [35m[ADB][39m Got the following command chunks to execute: [["dumpsys","deviceidle","whitelist","+io.appium.settings",";","dumpsys","deviceidle","whitelist","+io.appium.uiautomator2.server",";","dumpsys","deviceidle","whitelist","+io.appium.uiautomator2.server.test",";"]]
[debug] [35m[ADB][39m Running 'C:\Users\ASUS\AppData\Local\Android\Sdk\platform-tools\adb.exe -P 5037 -s fd03a52e shell dumpsys deviceidle whitelist +io.appium.settings ; dumpsys deviceidle whitelist +io.appium.uiautomator2.server ; dumpsys deviceidle whitelist +io.appium.uiautomator2.server.test ;'
[debug] [35m[UiAutomator2][39m No app capability. Assuming it is already on the device
[debug] [35m[UiAutomator2][39m Performing shallow cleanup of automation leftovers
[debug] [35m[UiAutomator2][39m The following obsolete sessions are still running: ["5ddd4743-ca40-407b-a264-d78478c9f2a3"]
[debug] [35m[UiAutomator2][39m Cleaning up 1 obsolete session
[debug] [35m[ADB][39m Running 'C:\Users\ASUS\AppData\Local\Android\Sdk\platform-tools\adb.exe -P 5037 -s fd03a52e shell am force-stop io.appium.uiautomator2.server.test'
[35m[UiAutomator2][39m Starting UIAutomator2 server 4.27.0
[35m[UiAutomator2][39m Using UIAutomator2 server from 'C:\Users\ASUS\AppData\Roaming\npm\node_modules\appium\node_modules\appium-uiautomator2-server\apks\appium-uiautomator2-server-v4.27.0.apk' and test from 'C:\Users\ASUS\AppData\Roaming\npm\node_modules\appium\node_modules\appium-uiautomator2-server\apks\appium-uiautomator2-server-debug-androidTest.apk'
[35m[UiAutomator2][39m Waiting up to 30000ms for UiAutomator2 to be online...
[debug] [35m[ADB][39m Creating ADB subprocess with args: ["-P",5037,"-s","fd03a52e","shell","am","instrument","-w","-e","disableAnalytics",true,"io.appium.uiautomator2.server.test/androidx.test.runner.AndroidJUnitRunner"]
[debug] [35m[WD Proxy][39m Matched '/status' to command name 'getStatus'
[debug] [35m[WD Proxy][39m Proxying [GET /status] to [GET http://127.0.0.1:8290/wd/hub/status] with no body
[35m[WD Proxy][39m socket hang up
[debug] [35m[Instrumentation][39m io.appium.uiautomator2.server.test.AppiumUiAutomator2Server:
[debug] [35m[WD Proxy][39m Matched '/status' to command name 'getStatus'
[debug] [35m[WD Proxy][39m Proxying [GET /status] to [GET http://127.0.0.1:8290/wd/hub/status] with no body
[35m[WD Proxy][39m socket hang up
[debug] [35m[WD Proxy][39m Matched '/status' to command name 'getStatus'
[debug] [35m[WD Proxy][39m Proxying [GET /status] to [GET http://127.0.0.1:8290/wd/hub/status] with no body
[debug] [35m[WD Proxy][39m Got response with status 200: {"sessionId":"None","value":{"message":"UiAutomator2 Server is ready to accept commands","ready":true}}
[debug] [35m[UiAutomator2][39m The initialization of the instrumentation process took 2112ms
[debug] [35m[WD Proxy][39m Matched '/session' to command name 'createSession'
[debug] [35m[WD Proxy][39m Proxying [POST /session] to [POST http://127.0.0.1:8290/wd/hub/session] with body: {"capabilities":{"firstMatch":[{"platform":"ANDROID","webStorageEnabled":false,"takesScreenshot":true,"javascriptEnabled":true,"databaseEnabled":false,"networkConnectionEnabled":true,"locationContextEnabled":false,"warnings":{},"desired":{"platformName":"android","appWaitforLaunch":false,"deviceId":"","ignoreHiddenApiPolicyError":true,"platform":"ANDROID","chromedriverPort":61992,"appActivity":".Settings","appPackage":"com.android.settings","appWaitActivity":"*","autoGrantPermissions":true,"automationName":"uiautomator2","deviceName":"realme RMX1921 (Android 11)","newCommandTimeout":1800,"noReset":true,"platformVersion":"11","systemPort":8290,"udid":"fd03a52e"},"platformName":"android","appWaitforLaunch":false,"deviceId":"","ignoreHiddenApiPolicyError":true,"chromedriverPort":61992,"appActivity":".Settings","appPackage":"com.android.settings","appWaitActivity":"*","autoGrantPermissions":true,"automationName":"uiautomator2","deviceName":"fd03a52e","newCommandTimeout":1800,"noReset":true,"platformVersion":"1...
[debug] [35m[WD Proxy][39m Got response with status 200: {"sessionId":"25ef4345-d122-4dfb-b497-951e54ebc6aa","value":{"capabilities":{"firstMatch":[{"platform":"ANDROID","webStorageEnabled":false,"takesScreenshot":true,"javascriptEnabled":true,"databaseEnabled":false,"networkConnectionEnabled":true,"locationContextEnabled":false,"warnings":{},"desired":{"platformName":"android","appWaitforLaunch":false,"deviceId":"","ignoreHiddenApiPolicyError":true,"platform":"ANDROID","chromedriverPort":61992,"appActivity":".Settings","appPackage":"com.android.settings","appWaitActivity":"*","autoGrantPermissions":true,"automationName":"uiautomator2","deviceName":"realme RMX1921 (Android 11)","newCommandTimeout":1800,"noReset":true,"platformVersion":"11","systemPort":8290,"udid":"fd03a52e"},"platformName":"android","appWaitforLaunch":false,"deviceId":"","ignoreHiddenApiPolicyError":true,"chromedriverPort":61992,"appActivity":".Settings","appPackage":"com.android.settings","appWaitActivity":"*","autoGrantPermissions":true,"automationName":"uiautomator2","deviceName":"fd03a52e",...
[35m[WD Proxy][39m Determined the downstream protocol as 'W3C'
[debug] [35m[WD Proxy][39m Proxying [GET /appium/device/info] to [GET http://127.0.0.1:8290/wd/hub/session/25ef4345-d122-4dfb-b497-951e54ebc6aa/appium/device/info] with no body
[debug] [35m[WD Proxy][39m Got response with status 200: {"sessionId":"25ef4345-d122-4dfb-b497-951e54ebc6aa","value":{"androidId":"66e9028ac33234c7","apiVersion":"30","bluetooth":{"state":"OFF"},"brand":"realme","carrierName":"Tsel-PakaiMasker","displayDensity":480,"locale":"en_US","manufacturer":"realme","model":"RMX1921","networks":[{"capabilities":{"SSID":null,"linkDownBandwidthKbps":49500,"linkUpstreamBandwidthKbps":46035,"networkCapabilities":"NET_CAPABILITY_NOT_METERED,NET_CAPABILITY_INTERNET,NET_CAPABILITY_NOT_RESTRICTED,NET_CAPABILITY_TRUSTED,NET_CAPABILITY_NOT_VPN,NET_CAPABILITY_VALIDATED,NET_CAPABILITY_NOT_ROAMING,NET_CAPABILITY_FOREGROUND,NET_CAPABILITY_NOT_CONGESTED,NET_CAPABILITY_NOT_SUSPENDED","signalStrength":null,"transportTypes":"TRANSPORT_WIFI"},"detailedState":"CONNECTED","extraInfo":"","isAvailable":true,"isConnected":true,"isFailover":false,"isRoaming":false,"state":"CONNECTED","subtype":0,"subtypeName":"","type":1,"typeName":"WIFI"}],"platformVersion":"11","realDisplaySize":"1080x2340","timeZone":"Asia/Jakarta"}}
[debug] [35m[ADB][39m Running 'C:\Users\ASUS\AppData\Local\Android\Sdk\platform-tools\adb.exe -P 5037 -s fd03a52e shell dumpsys window'
[35m[AndroidDriver][39m Screen already unlocked, doing nothing
[35m[UiAutomator2][39m Starting 'com.android.settings/.Settings and waiting for 'com.android.settings/*'
[debug] [35m[ADB][39m Running 'C:\Users\ASUS\AppData\Local\Android\Sdk\platform-tools\adb.exe -P 5037 -s fd03a52e shell am start -W -n com.android.settings/.Settings -S -a android.intent.action.MAIN -c android.intent.category.LAUNCHER -f 0x10200000'
[debug] [35m[ADB][39m Waiting up to 20000ms for activity matching pkg: 'com.android.settings' and activity: '*' to be focused
[debug] [35m[ADB][39m Possible activities, to be checked: '*', 'com.android.settings.*'
[debug] [35m[ADB][39m Getting focused package and activity
[debug] [35m[ADB][39m Running 'C:\Users\ASUS\AppData\Local\Android\Sdk\platform-tools\adb.exe -P 5037 -s fd03a52e shell dumpsys window displays'
[debug] [35m[ADB][39m Found package: 'com.android.settings' and fully qualified activity name : 'com.android.settings.Settings'
[debug] [35m[WD Proxy][39m Proxying [GET /appium/device/pixel_ratio] to [GET http://127.0.0.1:8290/wd/hub/session/25ef4345-d122-4dfb-b497-951e54ebc6aa/appium/device/pixel_ratio] with no body
[debug] [35m[WD Proxy][39m Got response with status 200: {"sessionId":"25ef4345-d122-4dfb-b497-951e54ebc6aa","value":3}
[debug] [35m[WD Proxy][39m Matched '/appium/device/system_bars' to command name 'getSystemBars'
[debug] [35m[WD Proxy][39m Proxying [GET /appium/device/system_bars] to [GET http://127.0.0.1:8290/wd/hub/session/25ef4345-d122-4dfb-b497-951e54ebc6aa/appium/device/system_bars] with no body
[debug] [35m[WD Proxy][39m Got response with status 200: {"sessionId":"25ef4345-d122-4dfb-b497-951e54ebc6aa","value":{"statusBar":96}}
[debug] [35m[WD Proxy][39m Matched '/window/current/size' to command name 'getWindowSize'
[debug] [35m[WD Proxy][39m Proxying [GET /window/current/size] to [GET http://127.0.0.1:8290/wd/hub/session/25ef4345-d122-4dfb-b497-951e54ebc6aa/window/current/size] with no body
[debug] [35m[WD Proxy][39m Got response with status 200: {"sessionId":"25ef4345-d122-4dfb-b497-951e54ebc6aa","value":{"height":2264,"width":1080}}
[35m[Appium][39m New AndroidUiautomator2Driver session created successfully, session 6d9533c7-ba04-4c47-8ef3-178a80e4e791 added to master session list
[debug] [35m[BaseDriver][39m Event 'newSessionStarted' logged at 1688120724063 (17:25:24 GMT+0700 (Indochina Time))
[debug] [35m[W3C (6d9533c7)][39m Cached the protocol value 'W3C' for the new session 6d9533c7-ba04-4c47-8ef3-178a80e4e791
[debug] [35m[W3C (6d9533c7)][39m Responding to client with driver.createSession() result: {"capabilities":{"platform":"ANDROID","webStorageEnabled":false,"takesScreenshot":true,"javascriptEnabled":true,"databaseEnabled":false,"networkConnectionEnabled":true,"locationContextEnabled":false,"warnings":{},"desired":{"platformName":"android","appWaitforLaunch":false,"deviceId":"","ignoreHiddenApiPolicyError":true,"platform":"ANDROID","chromedriverPort":61992,"appActivity":".Settings","appPackage":"com.android.settings","appWaitActivity":"*","autoGrantPermissions":true,"automationName":"uiautomator2","deviceName":"realme RMX1921 (Android 11)","newCommandTimeout":1800,"noReset":true,"platformVersion":"11","systemPort":8290,"udid":"fd03a52e"},"platformName":"android","appWaitforLaunch":false,"deviceId":"","ignoreHiddenApiPolicyError":true,"chromedriverPort":61992,"appActivity":".Settings","appPackage":"com.android.settings","appWaitActivity":"*","autoGrantPermissions":true,"automationName":"uiautomator2","deviceName":"fd03a52e","newCommandTimeout":1800,"noReset":true,"platformVersion":"11","systemPort"...
[35m[HTTP][39m [37m<-- POST /wd/hub/session [39m[32m200[39m [90m7979 ms - 1358[39m
[35m[HTTP][39m [90m[39m
[35m[HTTP][39m [37m-->[39m [37mGET[39m [37m/wd/hub/session/6d9533c7-ba04-4c47-8ef3-178a80e4e791[39m
[35m[HTTP][39m [90m{}[39m
[debug] [35m[W3C (6d9533c7)][39m Calling AppiumDriver.getSession() with args: ["6d9533c7-ba04-4c47-8ef3-178a80e4e791"]
[debug] [35m[UiAutomator2][39m Getting session details from server to mix in
[debug] [35m[WD Proxy][39m Matched '/' to command name 'getSession'
[debug] [35m[WD Proxy][39m Proxying [GET /] to [GET http://127.0.0.1:8290/wd/hub/session/25ef4345-d122-4dfb-b497-951e54ebc6aa] with no body
[debug] [35m[WD Proxy][39m Got response with status 200: {"sessionId":"25ef4345-d122-4dfb-b497-951e54ebc6aa","value":{"lastScrollData":null}}
[debug] [35m[W3C (6d9533c7)][39m Responding to client with driver.getSession() result: {"platform":"ANDROID","webStorageEnabled":false,"takesScreenshot":true,"javascriptEnabled":true,"databaseEnabled":false,"networkConnectionEnabled":true,"locationContextEnabled":false,"warnings":{},"desired":{"platformName":"android","appWaitforLaunch":false,"deviceId":"","ignoreHiddenApiPolicyError":true,"platform":"ANDROID","chromedriverPort":61992,"appActivity":".Settings","appPackage":"com.android.settings","appWaitActivity":"*","autoGrantPermissions":true,"automationName":"uiautomator2","deviceName":"realme RMX1921 (Android 11)","newCommandTimeout":1800,"noReset":true,"platformVersion":"11","systemPort":8290,"udid":"fd03a52e"},"platformName":"android","appWaitforLaunch":false,"deviceId":"","ignoreHiddenApiPolicyError":true,"chromedriverPort":61992,"appActivity":".Settings","appPackage":"com.android.settings","appWaitActivity":"*","autoGrantPermissions":true,"automationName":"uiautomator2","deviceName":"fd03a52e","newCommandTimeout":1800,"noReset":true,"platformVersion":"11","systemPort":8290,"udid":"fd...
[35m[HTTP][39m [37m<-- GET /wd/hub/session/6d9533c7-ba04-4c47-8ef3-178a80e4e791 [39m[32m200[39m [90m12 ms - 1312[39m
[35m[HTTP][39m [90m[39m
[35m[HTTP][39m [37m-->[39m [37mGET[39m [37m/wd/hub/session/6d9533c7-ba04-4c47-8ef3-178a80e4e791[39m
[35m[HTTP][39m [90m{}[39m
[debug] [35m[W3C (6d9533c7)][39m Calling AppiumDriver.getSession() with args: ["6d9533c7-ba04-4c47-8ef3-178a80e4e791"]
[debug] [35m[UiAutomator2][39m Getting session details from server to mix in
[debug] [35m[WD Proxy][39m Matched '/' to command name 'getSession'
[debug] [35m[WD Proxy][39m Proxying [GET /] to [GET http://127.0.0.1:8290/wd/hub/session/25ef4345-d122-4dfb-b497-951e54ebc6aa] with no body
[debug] [35m[WD Proxy][39m Got response with status 200: {"sessionId":"25ef4345-d122-4dfb-b497-951e54ebc6aa","value":{"lastScrollData":null}}
[debug] [35m[W3C (6d9533c7)][39m Responding to client with driver.getSession() result: {"platform":"ANDROID","webStorageEnabled":false,"takesScreenshot":true,"javascriptEnabled":true,"databaseEnabled":false,"networkConnectionEnabled":true,"locationContextEnabled":false,"warnings":{},"desired":{"platformName":"android","appWaitforLaunch":false,"deviceId":"","ignoreHiddenApiPolicyError":true,"platform":"ANDROID","chromedriverPort":61992,"appActivity":".Settings","appPackage":"com.android.settings","appWaitActivity":"*","autoGrantPermissions":true,"automationName":"uiautomator2","deviceName":"realme RMX1921 (Android 11)","newCommandTimeout":1800,"noReset":true,"platformVersion":"11","systemPort":8290,"udid":"fd03a52e"},"platformName":"android","appWaitforLaunch":false,"deviceId":"","ignoreHiddenApiPolicyError":true,"chromedriverPort":61992,"appActivity":".Settings","appPackage":"com.android.settings","appWaitActivity":"*","autoGrantPermissions":true,"automationName":"uiautomator2","deviceName":"fd03a52e","newCommandTimeout":1800,"noReset":true,"platformVersion":"11","systemPort":8290,"udid":"fd...
[35m[HTTP][39m [37m<-- GET /wd/hub/session/6d9533c7-ba04-4c47-8ef3-178a80e4e791 [39m[32m200[39m [90m12 ms - 1312[39m
[35m[HTTP][39m [90m[39m
[35m[HTTP][39m [37m-->[39m [37mGET[39m [37m/wd/hub/status[39m
[35m[HTTP][39m [90m{}[39m
[debug] [35m[GENERIC][39m Calling AppiumDriver.getStatus() with args: []
[debug] [35m[GENERIC][39m Responding to client with driver.getStatus() result: {"build":{"version":"1.22.3"}}
[35m[HTTP][39m [37m<-- GET /wd/hub/status [39m[32m200[39m [90m1 ms - 68[39m
[35m[HTTP][39m [90m[39m
[35m[HTTP][39m [37m-->[39m [37mPOST[39m [37m/wd/hub/session/6d9533c7-ba04-4c47-8ef3-178a80e4e791/timeouts[39m
[35m[HTTP][39m [90m{"implicit":60000}[39m
[debug] [35m[W3C (6d9533c7)][39m Calling AppiumDriver.timeouts() with args: [null,null,null,null,60000,"6d9533c7-ba04-4c47-8ef3-178a80e4e791"]
[debug] [35m[BaseDriver][39m W3C timeout argument: {"implicit":60000}}
[debug] [35m[BaseDriver][39m Set implicit wait to 60000ms
[debug] [35m[W3C (6d9533c7)][39m Responding to client with driver.timeouts() result: null
[35m[HTTP][39m [37m<-- POST /wd/hub/session/6d9533c7-ba04-4c47-8ef3-178a80e4e791/timeouts [39m[32m200[39m [90m2 ms - 14[39m
[35m[HTTP][39m [90m[39m
[35m[HTTP][39m [37m-->[39m [37mGET[39m [37m/wd/hub/session/6d9533c7-ba04-4c47-8ef3-178a80e4e791/screenshot[39m
[35m[HTTP][39m [90m{}[39m
[debug] [35m[W3C (6d9533c7)][39m Calling AppiumDriver.getScreenshot() with args: ["6d9533c7-ba04-4c47-8ef3-178a80e4e791"]
[debug] [35m[WD Proxy][39m Matched '/screenshot' to command name 'getScreenshot'
[debug] [35m[WD Proxy][39m Proxying [GET /screenshot] to [GET http://127.0.0.1:8290/wd/hub/session/25ef4345-d122-4dfb-b497-951e54ebc6aa/screenshot] with no body
[debug] [35m[WD Proxy][39m Got response with status 200: {"sessionId":"25ef4345-d122-4dfb-b497-951e54ebc6aa","value":"iVBORw0KGgoAAAANSUhEUgAABDgAAAkkCAYAAAD508+vAAAAAXNSR0IArs4c6QAAAARzQklUCAgI\nCHwIZIgAACAASURBVHic7N15XFTl4sfxLxpCiBKiEqKllmvardywxdJyyczS9Lok2qJpeq20zMp9\nyy0rt0qvlWamuVXeW2rX1JsbVxOXmwtpaiYoKiqCCLI8vz98cX4MMDADg3iun/frNa/XzDnPec5z\ngNEz33kWL2OMEQAAAAAAgI2VKO4GAAAAAAAAFBYBBwAAAAAAsD0CDgAAAAAAYHsEHAAAAAAAwPYI\nOAAAAAAAgO0RcAAAAAAAANsj4AAAAAAAALZHwAEAAAAAAGyPgAMAAAAAANgeAQcAAAAAALA9Ag4A\nAAAAAGB7BBwAAAAAAMD2CDgAAAAAAIDtEXAAAAAAAADbI+AAAAAAAAC2R8ABAAAAAABsj4ADAAAA\nAADYHgEHAAAAAACwPQIOAAAAAABgewQcAAAAAADA9gg4AAAAAACA7RFwAAAAAAAA2yPgAAAAAAAA\ntkfAAQAAAAAAbI+AAwAAAAAA2B4BBwAAAAAAsD0CDgAAAAAAYHsEHAAAAAAAwPYIOAAAAAAAgO3d\nVNwNAAAAAOC+qKgorVu3TsYYNWvWTHfffbdLxyUmJmrBggUyxqhWrVpq2bKlw/4jR47ohx9+yLOO\nhIQEVahQQb179y5w+wHk7+DBg6pYsaLKlStX3E2xBS9jjCnuRgAAAABwzdmzZ/Xhhx9qypQpSk1N\nlSR99dVX6tatm0vHv/nmm5o6daokafDgwZo2bZrD/p9++kmPPfaYS3XxUQIoWuHh4Vq4cGFxN8M2\n6MEBAAAA2EBycrK++OILjRw5UrGxsQWq48cff7TCDQDXt6+//lqnTp0q7mbYCgEHAAAAYANz5szR\na6+9VuDjT58+rX79+uVbrkWL...
[debug] [35m[W3C (6d9533c7)][39m Responding to client with driver.getScreenshot() result: "iVBORw0KGgoAAAANSUhEUgAABDgAAAkkCAYAAAD508+vAAAAAXNSR0IArs4c6QAAAARzQklUCAgI\nCHwIZIgAACAASURBVHic7N15XFTl4sfxLxpCiBKiEqKllmvardywxdJyyczS9Lok2qJpeq20zMp9\nyy0rt0qvlWamuVXeW2rX1JsbVxOXmwtpaiYoKiqCCLI8vz98cX4MMDADg3iun/frNa/XzDnPec5z\ngNEz33kWL2OMEQAAAAAAgI2VKO4GAAAAAAAAFBYBBwAAAAAAsD0CDgAAAAAAYHsEHAAAAAAAwPYI\nOAAAAAAAgO0RcAAAAAAAANsj4AAAAAAAALZHwAEAAAAAAGyPgAMAAAAAANgeAQcAAAAAALA9Ag4A\nAAAAAGB7BBwAAAAAAMD2CDgAAAAAAIDtEXAAAAAAAADbI+AAAAAAAAC2R8ABAAAAAABsj4ADAAAA\nAADYHgEHAAAAAACwPQIOAAAAAABgewQcAAAAAADA9gg4AAAAAACA7RFwAAAAAAAA2yPgAAAAAAAA\ntkfAAQAAAAAAbI+AAwAAAAAA2B4BBwAAAAAAsD0CDgAAAAAAYHsEHAAAAAAAwPYIOAAAAAAAgO3d\nVNwNAAAAAOC+qKgorVu3TsYYNWvWTHfffbdLxyUmJmrBggUyxqhWrVpq2bKlw/4jR47ohx9+yLOO\nhIQEVahQQb179y5w+wHk7+DBg6pYsaLKlStX3E2xBS9jjCnuRgAAAABwzdmzZ/Xhhx9qypQpSk1N\nlSR99dVX6tatm0vHv/nmm5o6daokafDgwZo2bZrD/p9++kmPPfaYS3XxUQIoWuHh4Vq4cGFxN8M2\n6MEBAAAA2EBycrK++OILjRw5UrGxsQWq48cff7TCDQDXt6+//lqnTp0q7mbYCgEHAAAAYANz5szR\na6+9VuDjT58+rX79+uVbrkWLFkpJSXHYZozRpEmTNHr0aElSWFiYvv322wK3pahkZGQoMTFRly5d\nUkpKip...
[35m[HTTP][39m [37m<-- GET /wd/hub/session/6d9533c7-ba04-4c47-8ef3-178a80e4e791/screenshot [39m[32m200[39m [90m461 ms - 242388[39m
[35m[HTTP][39m [90m[39m
[35m[HTTP][39m [37m-->[39m [37mGET[39m [37m/wd/hub/session/6d9533c7-ba04-4c47-8ef3-178a80e4e791/window/rect[39m
[35m[HTTP][39m [90m{}[39m
[debug] [35m[W3C (6d9533c7)][39m Calling AppiumDriver.getWindowRect() with args: ["6d9533c7-ba04-4c47-8ef3-178a80e4e791"]
[debug] [35m[WD Proxy][39m Matched '/window/current/size' to command name 'getWindowSize'
[debug] [35m[WD Proxy][39m Proxying [GET /window/current/size] to [GET http://127.0.0.1:8290/wd/hub/session/25ef4345-d122-4dfb-b497-951e54ebc6aa/window/current/size] with no body
[debug] [35m[WD Proxy][39m Got response with status 200: {"sessionId":"25ef4345-d122-4dfb-b497-951e54ebc6aa","value":{"height":2264,"width":1080}}
[debug] [35m[W3C (6d9533c7)][39m Responding to client with driver.getWindowRect() result: {"width":1080,"height":2264,"x":0,"y":0}
[35m[HTTP][39m [37m<-- GET /wd/hub/session/6d9533c7-ba04-4c47-8ef3-178a80e4e791/window/rect [39m[32m200[39m [90m16 ms - 50[39m
[35m[HTTP][39m [90m[39m
[35m[HTTP][39m [37m-->[39m [37mGET[39m [37m/wd/hub/session/6d9533c7-ba04-4c47-8ef3-178a80e4e791/appium/device/system_bars[39m
[35m[HTTP][39m [90m{}[39m
[debug] [35m[W3C (6d9533c7)][39m Calling AppiumDriver.getSystemBars() with args: ["6d9533c7-ba04-4c47-8ef3-178a80e4e791"]
[debug] [35m[ADB][39m Running 'C:\Users\ASUS\AppData\Local\Android\Sdk\platform-tools\adb.exe -P 5037 -s fd03a52e shell dumpsys window windows'
[debug] [35m[W3C (6d9533c7)][39m Responding to client with driver.getSystemBars() result: {"statusBar":{"visible":true,"x":0,"y":0,"width":1080,"height":96},"navigationBar":{"visible":true,"x":0,"y":0,"width":1080,"height":45}}
[35m[HTTP][39m [37m<-- GET /wd/hub/session/6d9533c7-ba04-4c47-8ef3-178a80e4e791/appium/device/system_bars [39m[32m200[39m [90m118 ms - 147[39m
[35m[HTTP][39m [90m[39m
[35m[HTTP][39m [37m-->[39m [37mPOST[39m [37m/wd/hub/session/6d9533c7-ba04-4c47-8ef3-178a80e4e791/appium/device/activate_app[39m
[35m[HTTP][39m [90m{"bundleId":"id.binar.fp.secondhand"}[39m
[debug] [35m[W3C (6d9533c7)][39m Calling AppiumDriver.activateApp() with args: ["id.binar.fp.secondhand",null,null,null,"6d9533c7-ba04-4c47-8ef3-178a80e4e791"]
[debug] [35m[AndroidDriver][39m Activating 'id.binar.fp.secondhand' with 'adb shell monkey -p id.binar.fp.secondhand -c android.intent.category.LAUNCHER 1' command
[debug] [35m[ADB][39m Running 'C:\Users\ASUS\AppData\Local\Android\Sdk\platform-tools\adb.exe -P 5037 -s fd03a52e shell monkey -p id.binar.fp.secondhand -c android.intent.category.LAUNCHER 1'
[debug] [35m[AndroidDriver][39m Command stdout: bash arg: -p
[debug] [35m[AndroidDriver][39m   bash arg: id.binar.fp.secondhand
[debug] [35m[AndroidDriver][39m   bash arg: -c
[debug] [35m[AndroidDriver][39m   bash arg: android.intent.category.LAUNCHER
[debug] [35m[AndroidDriver][39m   bash arg: 1
[debug] [35m[AndroidDriver][39m Events injected: 1
[debug] [35m[AndroidDriver][39m ## Network stats: elapsed time=48ms (0ms mobile, 0ms wifi, 48ms not connected)
[debug] [35m[W3C (6d9533c7)][39m Responding to client with driver.activateApp() result: null
[35m[HTTP][39m [37m<-- POST /wd/hub/session/6d9533c7-ba04-4c47-8ef3-178a80e4e791/appium/device/activate_app [39m[32m200[39m [90m438 ms - 14[39m
[35m[HTTP][39m [90m[39m
[35m[HTTP][39m [37m-->[39m [37mGET[39m [37m/wd/hub/session/6d9533c7-ba04-4c47-8ef3-178a80e4e791/source[39m
[35m[HTTP][39m [90m{}[39m
[35m[W3C (6d9533c7)][39m Driver proxy active, passing request on via HTTP proxy
[debug] [35m[WD Proxy][39m Matched '/wd/hub/session/6d9533c7-ba04-4c47-8ef3-178a80e4e791/source' to command name 'getPageSource'
[debug] [35m[WD Proxy][39m Proxying [GET /wd/hub/session/6d9533c7-ba04-4c47-8ef3-178a80e4e791/source] to [GET http://127.0.0.1:8290/wd/hub/session/25ef4345-d122-4dfb-b497-951e54ebc6aa/source] with no body
[debug] [35m[WD Proxy][39m Got response with status 200: {"sessionId":"25ef4345-d122-4dfb-b497-951e54ebc6aa","value":"<?xml version='1.0' encoding='UTF-8' standalone='yes' ?>\r\n<hierarchy index=\"0\" class=\"hierarchy\" rotation=\"0\" width=\"1080\" height=\"2264\">\r\n  <android.widget.FrameLayout index=\"0\" package=\"id.binar.fp.secondhand\" class=\"android.widget.FrameLayout\" text=\"\" checkable=\"false\" checked=\"false\" clickable=\"false\" enabled=\"true\" focusable=\"false\" focused=\"false\" long-clickable=\"false\" password=\"false\" scrollable=\"false\" selected=\"false\" bounds=\"[0,0][1080,2264]\" displayed=\"true\">\r\n    <android.widget.LinearLayout index=\"0\" package=\"id.binar.fp.secondhand\" class=\"android.widget.LinearLayout\" text=\"\" checkable=\"false\" checked=\"false\" clickable=\"false\" enabled=\"true\" focusable=\"false\" focused=\"false\" long-clickable=\"false\" password=\"false\" scrollable=\"false\" selected=\"false\" bounds=\"[0,0][1080,2264]\" displayed=\"true\">\r\n      <android.widget.FrameLayout index=\"0\" package=\"id....
[35m[WD Proxy][39m Replacing sessionId 25ef4345-d122-4dfb-b497-951e54ebc6aa with 6d9533c7-ba04-4c47-8ef3-178a80e4e791
[35m[HTTP][39m [37m<-- GET /wd/hub/session/6d9533c7-ba04-4c47-8ef3-178a80e4e791/source [39m[32m200[39m [90m592 ms - 7295[39m
[35m[HTTP][39m [90m[39m
[35m[HTTP][39m [37m-->[39m [37mGET[39m [37m/wd/hub/session/6d9533c7-ba04-4c47-8ef3-178a80e4e791/screenshot[39m
[35m[HTTP][39m [90m{}[39m
[debug] [35m[W3C (6d9533c7)][39m Calling AppiumDriver.getScreenshot() with args: ["6d9533c7-ba04-4c47-8ef3-178a80e4e791"]
[debug] [35m[WD Proxy][39m Matched '/screenshot' to command name 'getScreenshot'
[debug] [35m[WD Proxy][39m Proxying [GET /screenshot] to [GET http://127.0.0.1:8290/wd/hub/session/25ef4345-d122-4dfb-b497-951e54ebc6aa/screenshot] with no body
[debug] [35m[WD Proxy][39m Got response with status 200: {"sessionId":"25ef4345-d122-4dfb-b497-951e54ebc6aa","value":"iVBORw0KGgoAAAANSUhEUgAABDgAAAkkCAYAAAD508+vAAAAAXNSR0IArs4c6QAAAARzQklUCAgI\nCHwIZIgAACAASURBVHic7N3pU1zXnf/xD73Q7CDU7KsQAq1oQ4slr7Jsx0tsTyUzU/MslUnlb5tK\navJzYsceO3bk2JKtBWEtCCSEEEaA2ATN1vvye0D6hqVXaJYL71eVqwx9+vbRvRe493PP+Z6s3//+\n9xEBAAAAAACYmGWrOwAAAAAAALBeBBwAAAAAAMD0CDgAAAAAAIDpEXAAAAAAAADTI+AAAAAAAACm\nR8ABAAAAAABMj4ADAAAAAACYHgEHAAAAAAAwPQIOAAAAAABgegQcAAAAAADA9Ag4AAAAAACA6RFw\nAAAAAAAA0yPgAAAAAAAApkfAAQAAAAAATI+AAwAAAAAAmB4BBwAAAAAAMD0CDgAAAAAAYHoEHAAA\nAAAAwPQIOAAAAAAAgOkRcAAAAAAAANMj4AAAAAAAAKZHwAEAAAAAAEyPgAMAAAAAAJgeAQcAAAAA\nADA9Ag4AAAAAAGB6BBwAAAAAAMD0CDgAAAAAAIDpEXAAAAAAAADTI+AAAAAAAACmZ9vqDgAAAABI\nn8vl0vDwsCSpqqpKpaWlKb0vEAiot7dXklRcXKza2tplr8/OzurZs2dJt5GTk6ODBw+uoecAUuVy\nuZSbmyuHw7HVXTEFAg4AAADARLxer+7fv6+7d+8qHA5Lki5dupRywNHZ2am7d+9Kktra2lYFHHNz\nc7p27VpK2yLgADbWTz/9pDfeeGOru2EaBBwAAACACYRCIfX29qqjo0Mej2dN2xgaGjLCDQDb25Mn\nT+R2u7e6G6ZCwAEAAACYQE9Pj3744Yc1v9/j8ej7779P2q6mpka/+93vln0vEonozp07un37tiSp\nvLxc77zzzpr7slEikYgCgYCC...
[debug] [35m[W3C (6d9533c7)][39m Responding to client with driver.getScreenshot() result: "iVBORw0KGgoAAAANSUhEUgAABDgAAAkkCAYAAAD508+vAAAAAXNSR0IArs4c6QAAAARzQklUCAgI\nCHwIZIgAACAASURBVHic7N3pU1zXnf/xD73Q7CDU7KsQAq1oQ4slr7Jsx0tsTyUzU/MslUnlb5tK\navJzYsceO3bk2JKtBWEtCCSEEEaA2ATN1vvye0D6hqVXaJYL71eVqwx9+vbRvRe493PP+Z6s3//+\n9xEBAAAAAACYmGWrOwAAAAAAALBeBBwAAAAAAMD0CDgAAAAAAIDpEXAAAAAAAADTI+AAAAAAAACm\nR8ABAAAAAABMj4ADAAAAAACYHgEHAAAAAAAwPQIOAAAAAABgegQcAAAAAADA9Ag4AAAAAACA6RFw\nAAAAAAAA0yPgAAAAAAAApkfAAQAAAAAATI+AAwAAAAAAmB4BBwAAAAAAMD0CDgAAAAAAYHoEHAAA\nAAAAwPQIOAAAAAAAgOkRcAAAAAAAANMj4AAAAAAAAKZHwAEAAAAAAEyPgAMAAAAAAJgeAQcAAAAA\nADA9Ag4AAAAAAGB6BBwAAAAAAMD0CDgAAAAAAIDpEXAAAAAAAADTI+AAAAAAAACmZ9vqDgAAAABI\nn8vl0vDwsCSpqqpKpaWlKb0vEAiot7dXklRcXKza2tplr8/OzurZs2dJt5GTk6ODBw+uoecAUuVy\nuZSbmyuHw7HVXTEFAg4AAADARLxer+7fv6+7d+8qHA5Lki5dupRywNHZ2am7d+9Kktra2lYFHHNz\nc7p27VpK2yLgADbWTz/9pDfeeGOru2EaBBwAAACACYRCIfX29qqjo0Mej2dN2xgaGjLCDQDb25Mn\nT+R2u7e6G6ZCwAEAAACYQE9Pj3744Yc1v9/j8ej7779P2q6mpka/+93vln0vEonozp07un37tiSp\nvLxc77zzzpr7slEikYgCgYCCwaBCoZBCoZDC4bAikYgikYgkKSsrS1lZWbJYLLJarbJarbLZbLLb\n7crKyt...
[35m[HTTP][39m [37m<-- GET /wd/hub/session/6d9533c7-ba04-4c47-8ef3-178a80e4e791/screenshot [39m[32m200[39m [90m625 ms - 387834[39m
[35m[HTTP][39m [90m[39m
[35m[HTTP][39m [37m-->[39m [37mPOST[39m [37m/wd/hub/session/6d9533c7-ba04-4c47-8ef3-178a80e4e791/elements[39m
[35m[HTTP][39m [90m{"using":"xpath","value":"//*[@class = 'android.widget.TextView' and (@text = 'Hapus' or . = 'Hapus')]"}[39m
[debug] [35m[W3C (6d9533c7)][39m Calling AppiumDriver.findElements() with args: ["xpath","//*[@class = 'android.widget.TextView' and (@text = 'Hapus' or . = 'Hapus')]","6d9533c7-ba04-4c47-8ef3-178a80e4e791"]
[debug] [35m[BaseDriver][39m Valid locator strategies for this request: xpath, id, class name, accessibility id, css selector, -android uiautomator
[debug] [35m[BaseDriver][39m Waiting up to 60000 ms for condition
[debug] [35m[WD Proxy][39m Matched '/elements' to command name 'findElements'
[debug] [35m[WD Proxy][39m Proxying [POST /elements] to [POST http://127.0.0.1:8290/wd/hub/session/25ef4345-d122-4dfb-b497-951e54ebc6aa/elements] with body: {"strategy":"xpath","selector":"//*[@class = 'android.widget.TextView' and (@text = 'Hapus' or . = 'Hapus')]","context":"","multiple":true}
[debug] [35m[WD Proxy][39m Got response with status 200: {"sessionId":"25ef4345-d122-4dfb-b497-951e54ebc6aa","value":[{"ELEMENT":"00000000-0000-072a-ffff-ffff00000293","element-6066-11e4-a52e-4f735466cecf":"00000000-0000-072a-ffff-ffff00000293"}]}
[debug] [35m[W3C (6d9533c7)][39m Responding to client with driver.findElements() result: [{"element-6066-11e4-a52e-4f735466cecf":"00000000-0000-072a-ffff-ffff00000293","ELEMENT":"00000000-0000-072a-ffff-ffff00000293"}]
[35m[HTTP][39m [37m<-- POST /wd/hub/session/6d9533c7-ba04-4c47-8ef3-178a80e4e791/elements [39m[32m200[39m [90m293 ms - 139[39m
[35m[HTTP][39m [90m[39m
[35m[HTTP][39m [37m-->[39m [37mPOST[39m [37m/wd/hub/session/6d9533c7-ba04-4c47-8ef3-178a80e4e791/elements[39m
[35m[HTTP][39m [90m{"using":"xpath","value":"//*[@class = 'android.widget.LinearLayout' and @resource-id = 'id.binar.fp.secondhand:id/delete' and (@text = '' or . = '')]"}[39m
[debug] [35m[W3C (6d9533c7)][39m Calling AppiumDriver.findElements() with args: ["xpath","//*[@class = 'android.widget.LinearLayout' and @resource-id = 'id.binar.fp.secondhand:id/delete' and (@text = '' or . = '')]","6d9533c7-ba04-4c47-8ef3-178a80e4e791"]
[debug] [35m[BaseDriver][39m Valid locator strategies for this request: xpath, id, class name, accessibility id, css selector, -android uiautomator
[debug] [35m[BaseDriver][39m Waiting up to 60000 ms for condition
[debug] [35m[WD Proxy][39m Matched '/elements' to command name 'findElements'
[debug] [35m[WD Proxy][39m Proxying [POST /elements] to [POST http://127.0.0.1:8290/wd/hub/session/25ef4345-d122-4dfb-b497-951e54ebc6aa/elements] with body: {"strategy":"xpath","selector":"//*[@class = 'android.widget.LinearLayout' and @resource-id = 'id.binar.fp.secondhand:id/delete' and (@text = '' or . = '')]","context":"","multiple":true}
[debug] [35m[WD Proxy][39m Got response with status 200: {"sessionId":"25ef4345-d122-4dfb-b497-951e54ebc6aa","value":[{"ELEMENT":"00000000-0000-072a-ffff-ffff00000292","element-6066-11e4-a52e-4f735466cecf":"00000000-0000-072a-ffff-ffff00000292"}]}
[debug] [35m[W3C (6d9533c7)][39m Responding to client with driver.findElements() result: [{"element-6066-11e4-a52e-4f735466cecf":"00000000-0000-072a-ffff-ffff00000292","ELEMENT":"00000000-0000-072a-ffff-ffff00000292"}]
[35m[HTTP][39m [37m<-- POST /wd/hub/session/6d9533c7-ba04-4c47-8ef3-178a80e4e791/elements [39m[32m200[39m [90m116 ms - 139[39m
[35m[HTTP][39m [90m[39m
[35m[HTTP][39m [37m-->[39m [37mGET[39m [37m/wd/hub/session/6d9533c7-ba04-4c47-8ef3-178a80e4e791/source[39m
[35m[HTTP][39m [90m{}[39m
[35m[W3C (6d9533c7)][39m Driver proxy active, passing request on via HTTP proxy
[debug] [35m[WD Proxy][39m Matched '/wd/hub/session/6d9533c7-ba04-4c47-8ef3-178a80e4e791/source' to command name 'getPageSource'
[debug] [35m[WD Proxy][39m Proxying [GET /wd/hub/session/6d9533c7-ba04-4c47-8ef3-178a80e4e791/source] to [GET http://127.0.0.1:8290/wd/hub/session/25ef4345-d122-4dfb-b497-951e54ebc6aa/source] with no body
[debug] [35m[WD Proxy][39m Got response with status 200: {"sessionId":"25ef4345-d122-4dfb-b497-951e54ebc6aa","value":"<?xml version='1.0' encoding='UTF-8' standalone='yes' ?>\r\n<hierarchy index=\"0\" class=\"hierarchy\" rotation=\"0\" width=\"1080\" height=\"2264\">\r\n  <android.widget.FrameLayout index=\"0\" package=\"id.binar.fp.secondhand\" class=\"android.widget.FrameLayout\" text=\"\" checkable=\"false\" checked=\"false\" clickable=\"false\" enabled=\"true\" focusable=\"false\" focused=\"false\" long-clickable=\"false\" password=\"false\" scrollable=\"false\" selected=\"false\" bounds=\"[0,0][1080,2264]\" displayed=\"true\">\r\n    <android.widget.LinearLayout index=\"0\" package=\"id.binar.fp.secondhand\" class=\"android.widget.LinearLayout\" text=\"\" checkable=\"false\" checked=\"false\" clickable=\"false\" enabled=\"true\" focusable=\"false\" focused=\"false\" long-clickable=\"false\" password=\"false\" scrollable=\"false\" selected=\"false\" bounds=\"[0,0][1080,2264]\" displayed=\"true\">\r\n      <android.widget.FrameLayout index=\"0\" package=\"id....
[35m[WD Proxy][39m Replacing sessionId 25ef4345-d122-4dfb-b497-951e54ebc6aa with 6d9533c7-ba04-4c47-8ef3-178a80e4e791
[35m[HTTP][39m [37m<-- GET /wd/hub/session/6d9533c7-ba04-4c47-8ef3-178a80e4e791/source [39m[32m200[39m [90m578 ms - 26115[39m
[35m[HTTP][39m [90m[39m
[35m[HTTP][39m [37m-->[39m [37mGET[39m [37m/wd/hub/session/6d9533c7-ba04-4c47-8ef3-178a80e4e791/screenshot[39m
[35m[HTTP][39m [90m{}[39m
[debug] [35m[W3C (6d9533c7)][39m Calling AppiumDriver.getScreenshot() with args: ["6d9533c7-ba04-4c47-8ef3-178a80e4e791"]
[debug] [35m[WD Proxy][39m Matched '/screenshot' to command name 'getScreenshot'
[debug] [35m[WD Proxy][39m Proxying [GET /screenshot] to [GET http://127.0.0.1:8290/wd/hub/session/25ef4345-d122-4dfb-b497-951e54ebc6aa/screenshot] with no body
[debug] [35m[WD Proxy][39m Got response with status 200: {"sessionId":"25ef4345-d122-4dfb-b497-951e54ebc6aa","value":"iVBORw0KGgoAAAANSUhEUgAABDgAAAkkCAYAAAD508+vAAAAAXNSR0IArs4c6QAAAARzQklUCAgI\nCHwIZIgAACAASURBVHic7N13eBTl/vfxTyCBJISOQAhwAGkiTToKCCiidBA8goIdUdSjSBFBENsR\nwYKIAsejSLEgonhUmgYkIEV6B2lSQwkQ0ki9nz/4ZZ4s2ZZkQzLk/bquva7dmbvN7ARmvnsXP2OM\nEQAAAAAAgI0VyusGAAAAAAAA5BQBDgAAAAAAYHsEOAAAAAAAgO0R4AAAAAAAALZHgAMAAAAAANge\nAQ4AAAAAAGB7BDgAAAAAAIDtEeAAAAAAAAC2R4ADAAAAAADYHgEOAAAAAABgewQ4AAAAAACA7RHg\nAAAAAAAAtkeAAwAAAAAA2B4BDgAAAAAAYHsEOAAAAAAAgO0R4AAAAAAAALZHgAMAAAAAANgeAQ4A\nAAAAAGB7BDgAAAAAAIDtEeAAAAAAAAC2R4ADAAAAAADYHgEOAAAAAABgewQ4AAAAAACA7RHgAAAA\nAAAAtkeAAwAAAAAA2B4BDgAAAAAAYHsEOAAAAAAAgO0R4AAAAAAAALZHgAMAAAAAANief143AAAA\nAID3YmNj9cUXX8gYozp16qhTp04e81y+fFmff/65UlNTJUmNGzdWmzZtslx3SkqKli9frpUrV+rv\nv/9WYGCgGjRooB49eqhWrVpZLg+Ae3v37lX58uVVpkyZvG6KLfgZY0xeNwIAAACAd0aOHKlJkyZJ\nkoYNG6Z3333XY57XXntN48ePlyTVr19fv//+e5YfmKKiovTAAw9o6dKlmfYFBATo/fff19ChQ7NU\nJgD3Bg4cqDlz5uR1M2yDISoAAACATSxbtswKbnhr1apVVnAjMDBQs2bNynJwIyEhQf369bOCG4GB\ngerWrZuaNm0qSUpOTtYzzzyj...
[debug] [35m[W3C (6d9533c7)][39m Responding to client with driver.getScreenshot() result: "iVBORw0KGgoAAAANSUhEUgAABDgAAAkkCAYAAAD508+vAAAAAXNSR0IArs4c6QAAAARzQklUCAgI\nCHwIZIgAACAASURBVHic7N13eBTl/vfxTyCBJISOQAhwAGkiTToKCCiidBA8goIdUdSjSBFBENsR\nwYKIAsejSLEgonhUmgYkIEV6B2lSQwkQ0ki9nz/4ZZ4s2ZZkQzLk/bquva7dmbvN7ARmvnsXP2OM\nEQAAAAAAgI0VyusGAAAAAAAA5BQBDgAAAAAAYHsEOAAAAAAAgO0R4AAAAAAAALZHgAMAAAAAANge\nAQ4AAAAAAGB7BDgAAAAAAIDtEeAAAAAAAAC2R4ADAAAAAADYHgEOAAAAAABgewQ4AAAAAACA7RHg\nAAAAAAAAtkeAAwAAAAAA2B4BDgAAAAAAYHsEOAAAAAAAgO0R4AAAAAAAALZHgAMAAAAAANgeAQ4A\nAAAAAGB7BDgAAAAAAIDtEeAAAAAAAAC2R4ADAAAAAADYHgEOAAAAAABgewQ4AAAAAACA7RHgAAAA\nAAAAtkeAAwAAAAAA2B4BDgAAAAAAYHsEOAAAAAAAgO0R4AAAAAAAALZHgAMAAAAAANief143AAAA\nAID3YmNj9cUXX8gYozp16qhTp04e81y+fFmff/65UlNTJUmNGzdWmzZtslx3SkqKli9frpUrV+rv\nv/9WYGCgGjRooB49eqhWrVpZLg+Ae3v37lX58uVVpkyZvG6KLfgZY0xeNwIAAACAd0aOHKlJkyZJ\nkoYNG6Z3333XY57XXntN48ePlyTVr19fv//+e5YfmKKiovTAAw9o6dKlmfYFBATo/fff19ChQ7NU\nJgD3Bg4cqDlz5uR1M2yDISoAAACATSxbtswKbnhr1apVVnAjMDBQs2bNynJwIyEhQf369bOCG4GB\ngerWrZuaNm0qSUpOTtYzzzyjTz/9NEvlAnDtm2++UWRkZF43w1YYogIAAADYwJkzZzRkyJAs5Tl3\n7pyeeO...
[35m[HTTP][39m [37m<-- GET /wd/hub/session/6d9533c7-ba04-4c47-8ef3-178a80e4e791/screenshot [39m[32m200[39m [90m542 ms - 109184[39m
[35m[HTTP][39m [90m[39m
[35m[HTTP][39m [37m-->[39m [37mPOST[39m [37m/wd/hub/session/6d9533c7-ba04-4c47-8ef3-178a80e4e791/elements[39m
[35m[HTTP][39m [90m{"using":"xpath","value":"//*[@class = 'android.widget.TextView' and (@text = 'Produk berhasil dihapus' or . = 'Produk berhasil dihapus') and @resource-id = 'id.binar.fp.secondhand:id/tv_message']"}[39m
[debug] [35m[W3C (6d9533c7)][39m Calling AppiumDriver.findElements() with args: ["xpath","//*[@class = 'android.widget.TextView' and (@text = 'Produk berhasil dihapus' or . = 'Produk berhasil dihapus') and @resource-id = 'id.binar.fp.secondhand:id/tv_message']","6d9533c7-ba04-4c47-8ef3-178a80e4e791"]
[debug] [35m[BaseDriver][39m Valid locator strategies for this request: xpath, id, class name, accessibility id, css selector, -android uiautomator
[debug] [35m[BaseDriver][39m Waiting up to 60000 ms for condition
[debug] [35m[WD Proxy][39m Matched '/elements' to command name 'findElements'
[debug] [35m[WD Proxy][39m Proxying [POST /elements] to [POST http://127.0.0.1:8290/wd/hub/session/25ef4345-d122-4dfb-b497-951e54ebc6aa/elements] with body: {"strategy":"xpath","selector":"//*[@class = 'android.widget.TextView' and (@text = 'Produk berhasil dihapus' or . = 'Produk berhasil dihapus') and @resource-id = 'id.binar.fp.secondhand:id/tv_message']","context":"","multiple":true}
[debug] [35m[WD Proxy][39m Got response with status 200: {"sessionId":"25ef4345-d122-4dfb-b497-951e54ebc6aa","value":[]}
[debug] [35m[BaseDriver][39m Waited for 180 ms so far
[debug] [35m[WD Proxy][39m Matched '/elements' to command name 'findElements'
[debug] [35m[WD Proxy][39m Proxying [POST /elements] to [POST http://127.0.0.1:8290/wd/hub/session/25ef4345-d122-4dfb-b497-951e54ebc6aa/elements] with body: {"strategy":"xpath","selector":"//*[@class = 'android.widget.TextView' and (@text = 'Produk berhasil dihapus' or . = 'Produk berhasil dihapus') and @resource-id = 'id.binar.fp.secondhand:id/tv_message']","context":"","multiple":true}
[debug] [35m[WD Proxy][39m Got response with status 200: {"sessionId":"25ef4345-d122-4dfb-b497-951e54ebc6aa","value":[]}
[debug] [35m[BaseDriver][39m Waited for 868 ms so far
[debug] [35m[WD Proxy][39m Matched '/elements' to command name 'findElements'
[debug] [35m[WD Proxy][39m Proxying [POST /elements] to [POST http://127.0.0.1:8290/wd/hub/session/25ef4345-d122-4dfb-b497-951e54ebc6aa/elements] with body: {"strategy":"xpath","selector":"//*[@class = 'android.widget.TextView' and (@text = 'Produk berhasil dihapus' or . = 'Produk berhasil dihapus') and @resource-id = 'id.binar.fp.secondhand:id/tv_message']","context":"","multiple":true}
[debug] [35m[WD Proxy][39m Got response with status 200: {"sessionId":"25ef4345-d122-4dfb-b497-951e54ebc6aa","value":[]}
[debug] [35m[BaseDriver][39m Waited for 1541 ms so far
[debug] [35m[WD Proxy][39m Matched '/elements' to command name 'findElements'
[debug] [35m[WD Proxy][39m Proxying [POST /elements] to [POST http://127.0.0.1:8290/wd/hub/session/25ef4345-d122-4dfb-b497-951e54ebc6aa/elements] with body: {"strategy":"xpath","selector":"//*[@class = 'android.widget.TextView' and (@text = 'Produk berhasil dihapus' or . = 'Produk berhasil dihapus') and @resource-id = 'id.binar.fp.secondhand:id/tv_message']","context":"","multiple":true}
[debug] [35m[WD Proxy][39m Got response with status 200: {"sessionId":"25ef4345-d122-4dfb-b497-951e54ebc6aa","value":[]}
[debug] [35m[BaseDriver][39m Waited for 2205 ms so far
[debug] [35m[WD Proxy][39m Matched '/elements' to command name 'findElements'
[debug] [35m[WD Proxy][39m Proxying [POST /elements] to [POST http://127.0.0.1:8290/wd/hub/session/25ef4345-d122-4dfb-b497-951e54ebc6aa/elements] with body: {"strategy":"xpath","selector":"//*[@class = 'android.widget.TextView' and (@text = 'Produk berhasil dihapus' or . = 'Produk berhasil dihapus') and @resource-id = 'id.binar.fp.secondhand:id/tv_message']","context":"","multiple":true}
[debug] [35m[WD Proxy][39m Got response with status 200: {"sessionId":"25ef4345-d122-4dfb-b497-951e54ebc6aa","value":[]}
[debug] [35m[BaseDriver][39m Waited for 2877 ms so far
[debug] [35m[WD Proxy][39m Matched '/elements' to command name 'findElements'
[debug] [35m[WD Proxy][39m Proxying [POST /elements] to [POST http://127.0.0.1:8290/wd/hub/session/25ef4345-d122-4dfb-b497-951e54ebc6aa/elements] with body: {"strategy":"xpath","selector":"//*[@class = 'android.widget.TextView' and (@text = 'Produk berhasil dihapus' or . = 'Produk berhasil dihapus') and @resource-id = 'id.binar.fp.secondhand:id/tv_message']","context":"","multiple":true}
[debug] [35m[WD Proxy][39m Got response with status 200: {"sessionId":"25ef4345-d122-4dfb-b497-951e54ebc6aa","value":[]}
[debug] [35m[BaseDriver][39m Waited for 3535 ms so far
[debug] [35m[WD Proxy][39m Matched '/elements' to command name 'findElements'
[debug] [35m[WD Proxy][39m Proxying [POST /elements] to [POST http://127.0.0.1:8290/wd/hub/session/25ef4345-d122-4dfb-b497-951e54ebc6aa/elements] with body: {"strategy":"xpath","selector":"//*[@class = 'android.widget.TextView' and (@text = 'Produk berhasil dihapus' or . = 'Produk berhasil dihapus') and @resource-id = 'id.binar.fp.secondhand:id/tv_message']","context":"","multiple":true}
[debug] [35m[WD Proxy][39m Got response with status 200: {"sessionId":"25ef4345-d122-4dfb-b497-951e54ebc6aa","value":[]}
[debug] [35m[BaseDriver][39m Waited for 4208 ms so far
[debug] [35m[WD Proxy][39m Matched '/elements' to command name 'findElements'
[debug] [35m[WD Proxy][39m Proxying [POST /elements] to [POST http://127.0.0.1:8290/wd/hub/session/25ef4345-d122-4dfb-b497-951e54ebc6aa/elements] with body: {"strategy":"xpath","selector":"//*[@class = 'android.widget.TextView' and (@text = 'Produk berhasil dihapus' or . = 'Produk berhasil dihapus') and @resource-id = 'id.binar.fp.secondhand:id/tv_message']","context":"","multiple":true}
[debug] [35m[WD Proxy][39m Got response with status 200: {"sessionId":"25ef4345-d122-4dfb-b497-951e54ebc6aa","value":[]}
[debug] [35m[BaseDriver][39m Waited for 4848 ms so far
[debug] [35m[WD Proxy][39m Matched '/elements' to command name 'findElements'
[debug] [35m[WD Proxy][39m Proxying [POST /elements] to [POST http://127.0.0.1:8290/wd/hub/session/25ef4345-d122-4dfb-b497-951e54ebc6aa/elements] with body: {"strategy":"xpath","selector":"//*[@class = 'android.widget.TextView' and (@text = 'Produk berhasil dihapus' or . = 'Produk berhasil dihapus') and @resource-id = 'id.binar.fp.secondhand:id/tv_message']","context":"","multiple":true}
[debug] [35m[WD Proxy][39m Got response with status 200: {"sessionId":"25ef4345-d122-4dfb-b497-951e54ebc6aa","value":[]}
[debug] [35m[BaseDriver][39m Waited for 5505 ms so far
[debug] [35m[WD Proxy][39m Matched '/elements' to command name 'findElements'
[debug] [35m[WD Proxy][39m Proxying [POST /elements] to [POST http://127.0.0.1:8290/wd/hub/session/25ef4345-d122-4dfb-b497-951e54ebc6aa/elements] with body: {"strategy":"xpath","selector":"//*[@class = 'android.widget.TextView' and (@text = 'Produk berhasil dihapus' or . = 'Produk berhasil dihapus') and @resource-id = 'id.binar.fp.secondhand:id/tv_message']","context":"","multiple":true}
[debug] [35m[WD Proxy][39m Got response with status 200: {"sessionId":"25ef4345-d122-4dfb-b497-951e54ebc6aa","value":[]}
[debug] [35m[BaseDriver][39m Waited for 6173 ms so far
[debug] [35m[WD Proxy][39m Matched '/elements' to command name 'findElements'
[debug] [35m[WD Proxy][39m Proxying [POST /elements] to [POST http://127.0.0.1:8290/wd/hub/session/25ef4345-d122-4dfb-b497-951e54ebc6aa/elements] with body: {"strategy":"xpath","selector":"//*[@class = 'android.widget.TextView' and (@text = 'Produk berhasil dihapus' or . = 'Produk berhasil dihapus') and @resource-id = 'id.binar.fp.secondhand:id/tv_message']","context":"","multiple":true}
[debug] [35m[WD Proxy][39m Got response with status 200: {"sessionId":"25ef4345-d122-4dfb-b497-951e54ebc6aa","value":[]}
[debug] [35m[BaseDriver][39m Waited for 6831 ms so far
[debug] [35m[WD Proxy][39m Matched '/elements' to command name 'findElements'
[debug] [35m[WD Proxy][39m Proxying [POST /elements] to [POST http://127.0.0.1:8290/wd/hub/session/25ef4345-d122-4dfb-b497-951e54ebc6aa/elements] with body: {"strategy":"xpath","selector":"//*[@class = 'android.widget.TextView' and (@text = 'Produk berhasil dihapus' or . = 'Produk berhasil dihapus') and @resource-id = 'id.binar.fp.secondhand:id/tv_message']","context":"","multiple":true}
[debug] [35m[WD Proxy][39m Got response with status 200: {"sessionId":"25ef4345-d122-4dfb-b497-951e54ebc6aa","value":[]}
[debug] [35m[BaseDriver][39m Waited for 7455 ms so far
[debug] [35m[WD Proxy][39m Matched '/elements' to command name 'findElements'
[debug] [35m[WD Proxy][39m Proxying [POST /elements] to [POST http://127.0.0.1:8290/wd/hub/session/25ef4345-d122-4dfb-b497-951e54ebc6aa/elements] with body: {"strategy":"xpath","selector":"//*[@class = 'android.widget.TextView' and (@text = 'Produk berhasil dihapus' or . = 'Produk berhasil dihapus') and @resource-id = 'id.binar.fp.secondhand:id/tv_message']","context":"","multiple":true}
[debug] [35m[WD Proxy][39m Got response with status 200: {"sessionId":"25ef4345-d122-4dfb-b497-951e54ebc6aa","value":[]}
[debug] [35m[BaseDriver][39m Waited for 8095 ms so far
[debug] [35m[WD Proxy][39m Matched '/elements' to command name 'findElements'
[debug] [35m[WD Proxy][39m Proxying [POST /elements] to [POST http://127.0.0.1:8290/wd/hub/session/25ef4345-d122-4dfb-b497-951e54ebc6aa/elements] with body: {"strategy":"xpath","selector":"//*[@class = 'android.widget.TextView' and (@text = 'Produk berhasil dihapus' or . = 'Produk berhasil dihapus') and @resource-id = 'id.binar.fp.secondhand:id/tv_message']","context":"","multiple":true}
[debug] [35m[WD Proxy][39m Got response with status 200: {"sessionId":"25ef4345-d122-4dfb-b497-951e54ebc6aa","value":[]}
[debug] [35m[BaseDriver][39m Waited for 8804 ms so far
[debug] [35m[WD Proxy][39m Matched '/elements' to command name 'findElements'
[debug] [35m[WD Proxy][39m Proxying [POST /elements] to [POST http://127.0.0.1:8290/wd/hub/session/25ef4345-d122-4dfb-b497-951e54ebc6aa/elements] with body: {"strategy":"xpath","selector":"//*[@class = 'android.widget.TextView' and (@text = 'Produk berhasil dihapus' or . = 'Produk berhasil dihapus') and @resource-id = 'id.binar.fp.secondhand:id/tv_message']","context":"","multiple":true}
[debug] [35m[WD Proxy][39m Got response with status 200: {"sessionId":"25ef4345-d122-4dfb-b497-951e54ebc6aa","value":[]}
[debug] [35m[BaseDriver][39m Waited for 9441 ms so far
[debug] [35m[WD Proxy][39m Matched '/elements' to command name 'findElements'
[debug] [35m[WD Proxy][39m Proxying [POST /elements] to [POST http://127.0.0.1:8290/wd/hub/session/25ef4345-d122-4dfb-b497-951e54ebc6aa/elements] with body: {"strategy":"xpath","selector":"//*[@class = 'android.widget.TextView' and (@text = 'Produk berhasil dihapus' or . = 'Produk berhasil dihapus') and @resource-id = 'id.binar.fp.secondhand:id/tv_message']","context":"","multiple":true}
[debug] [35m[WD Proxy][39m Got response with status 200: {"sessionId":"25ef4345-d122-4dfb-b497-951e54ebc6aa","value":[]}
[debug] [35m[BaseDriver][39m Waited for 10067 ms so far
[debug] [35m[WD Proxy][39m Matched '/elements' to command name 'findElements'
[debug] [35m[WD Proxy][39m Proxying [POST /elements] to [POST http://127.0.0.1:8290/wd/hub/session/25ef4345-d122-4dfb-b497-951e54ebc6aa/elements] with body: {"strategy":"xpath","selector":"//*[@class = 'android.widget.TextView' and (@text = 'Produk berhasil dihapus' or . = 'Produk berhasil dihapus') and @resource-id = 'id.binar.fp.secondhand:id/tv_message']","context":"","multiple":true}
[debug] [35m[WD Proxy][39m Got response with status 200: {"sessionId":"25ef4345-d122-4dfb-b497-951e54ebc6aa","value":[]}
[debug] [35m[BaseDriver][39m Waited for 10694 ms so far
[debug] [35m[WD Proxy][39m Matched '/elements' to command name 'findElements'
[debug] [35m[WD Proxy][39m Proxying [POST /elements] to [POST http://127.0.0.1:8290/wd/hub/session/25ef4345-d122-4dfb-b497-951e54ebc6aa/elements] with body: {"strategy":"xpath","selector":"//*[@class = 'android.widget.TextView' and (@text = 'Produk berhasil dihapus' or . = 'Produk berhasil dihapus') and @resource-id = 'id.binar.fp.secondhand:id/tv_message']","context":"","multiple":true}
[debug] [35m[WD Proxy][39m Got response with status 200: {"sessionId":"25ef4345-d122-4dfb-b497-951e54ebc6aa","value":[]}
[debug] [35m[BaseDriver][39m Waited for 11337 ms so far
[debug] [35m[WD Proxy][39m Matched '/elements' to command name 'findElements'
[debug] [35m[WD Proxy][39m Proxying [POST /elements] to [POST http://127.0.0.1:8290/wd/hub/session/25ef4345-d122-4dfb-b497-951e54ebc6aa/elements] with body: {"strategy":"xpath","selector":"//*[@class = 'android.widget.TextView' and (@text = 'Produk berhasil dihapus' or . = 'Produk berhasil dihapus') and @resource-id = 'id.binar.fp.secondhand:id/tv_message']","context":"","multiple":true}
[debug] [35m[WD Proxy][39m Got response with status 200: {"sessionId":"25ef4345-d122-4dfb-b497-951e54ebc6aa","value":[]}
[debug] [35m[BaseDriver][39m Waited for 12808 ms so far
[debug] [35m[WD Proxy][39m Matched '/elements' to command name 'findElements'
[debug] [35m[WD Proxy][39m Proxying [POST /elements] to [POST http://127.0.0.1:8290/wd/hub/session/25ef4345-d122-4dfb-b497-951e54ebc6aa/elements] with body: {"strategy":"xpath","selector":"//*[@class = 'android.widget.TextView' and (@text = 'Produk berhasil dihapus' or . = 'Produk berhasil dihapus') and @resource-id = 'id.binar.fp.secondhand:id/tv_message']","context":"","multiple":true}
[debug] [35m[WD Proxy][39m Got response with status 200: {"sessionId":"25ef4345-d122-4dfb-b497-951e54ebc6aa","value":[]}
[debug] [35m[BaseDriver][39m Waited for 13492 ms so far
[debug] [35m[WD Proxy][39m Matched '/elements' to command name 'findElements'
[debug] [35m[WD Proxy][39m Proxying [POST /elements] to [POST http://127.0.0.1:8290/wd/hub/session/25ef4345-d122-4dfb-b497-951e54ebc6aa/elements] with body: {"strategy":"xpath","selector":"//*[@class = 'android.widget.TextView' and (@text = 'Produk berhasil dihapus' or . = 'Produk berhasil dihapus') and @resource-id = 'id.binar.fp.secondhand:id/tv_message']","context":"","multiple":true}
[debug] [35m[WD Proxy][39m Got response with status 200: {"sessionId":"25ef4345-d122-4dfb-b497-951e54ebc6aa","value":[]}
[debug] [35m[BaseDriver][39m Waited for 14180 ms so far
[debug] [35m[WD Proxy][39m Matched '/elements' to command name 'findElements'
[debug] [35m[WD Proxy][39m Proxying [POST /elements] to [POST http://127.0.0.1:8290/wd/hub/session/25ef4345-d122-4dfb-b497-951e54ebc6aa/elements] with body: {"strategy":"xpath","selector":"//*[@class = 'android.widget.TextView' and (@text = 'Produk berhasil dihapus' or . = 'Produk berhasil dihapus') and @resource-id = 'id.binar.fp.secondhand:id/tv_message']","context":"","multiple":true}
[debug] [35m[WD Proxy][39m Got response with status 200: {"sessionId":"25ef4345-d122-4dfb-b497-951e54ebc6aa","value":[]}
[debug] [35m[BaseDriver][39m Waited for 14840 ms so far
[debug] [35m[WD Proxy][39m Matched '/elements' to command name 'findElements'
[debug] [35m[WD Proxy][39m Proxying [POST /elements] to [POST http://127.0.0.1:8290/wd/hub/session/25ef4345-d122-4dfb-b497-951e54ebc6aa/elements] with body: {"strategy":"xpath","selector":"//*[@class = 'android.widget.TextView' and (@text = 'Produk berhasil dihapus' or . = 'Produk berhasil dihapus') and @resource-id = 'id.binar.fp.secondhand:id/tv_message']","context":"","multiple":true}
[debug] [35m[WD Proxy][39m Got response with status 200: {"sessionId":"25ef4345-d122-4dfb-b497-951e54ebc6aa","value":[]}
[debug] [35m[BaseDriver][39m Waited for 15519 ms so far
[debug] [35m[WD Proxy][39m Matched '/elements' to command name 'findElements'
[debug] [35m[WD Proxy][39m Proxying [POST /elements] to [POST http://127.0.0.1:8290/wd/hub/session/25ef4345-d122-4dfb-b497-951e54ebc6aa/elements] with body: {"strategy":"xpath","selector":"//*[@class = 'android.widget.TextView' and (@text = 'Produk berhasil dihapus' or . = 'Produk berhasil dihapus') and @resource-id = 'id.binar.fp.secondhand:id/tv_message']","context":"","multiple":true}
[debug] [35m[WD Proxy][39m Got response with status 200: {"sessionId":"25ef4345-d122-4dfb-b497-951e54ebc6aa","value":[]}
[debug] [35m[BaseDriver][39m Waited for 16181 ms so far
[debug] [35m[WD Proxy][39m Matched '/elements' to command name 'findElements'
[debug] [35m[WD Proxy][39m Proxying [POST /elements] to [POST http://127.0.0.1:8290/wd/hub/session/25ef4345-d122-4dfb-b497-951e54ebc6aa/elements] with body: {"strategy":"xpath","selector":"//*[@class = 'android.widget.TextView' and (@text = 'Produk berhasil dihapus' or . = 'Produk berhasil dihapus') and @resource-id = 'id.binar.fp.secondhand:id/tv_message']","context":"","multiple":true}
[debug] [35m[WD Proxy][39m Got response with status 200: {"sessionId":"25ef4345-d122-4dfb-b497-951e54ebc6aa","value":[]}
[debug] [35m[BaseDriver][39m Waited for 17276 ms so far
[debug] [35m[WD Proxy][39m Matched '/elements' to command name 'findElements'
[debug] [35m[WD Proxy][39m Proxying [POST /elements] to [POST http://127.0.0.1:8290/wd/hub/session/25ef4345-d122-4dfb-b497-951e54ebc6aa/elements] with body: {"strategy":"xpath","selector":"//*[@class = 'android.widget.TextView' and (@text = 'Produk berhasil dihapus' or . = 'Produk berhasil dihapus') and @resource-id = 'id.binar.fp.secondhand:id/tv_message']","context":"","multiple":true}
[debug] [35m[WD Proxy][39m Got response with status 200: {"sessionId":"25ef4345-d122-4dfb-b497-951e54ebc6aa","value":[]}
[debug] [35m[BaseDriver][39m Waited for 18396 ms so far
[debug] [35m[WD Proxy][39m Matched '/elements' to command name 'findElements'
[debug] [35m[WD Proxy][39m Proxying [POST /elements] to [POST http://127.0.0.1:8290/wd/hub/session/25ef4345-d122-4dfb-b497-951e54ebc6aa/elements] with body: {"strategy":"xpath","selector":"//*[@class = 'android.widget.TextView' and (@text = 'Produk berhasil dihapus' or . = 'Produk berhasil dihapus') and @resource-id = 'id.binar.fp.secondhand:id/tv_message']","context":"","multiple":true}
[debug] [35m[WD Proxy][39m Got response with status 200: {"sessionId":"25ef4345-d122-4dfb-b497-951e54ebc6aa","value":[]}
[debug] [35m[BaseDriver][39m Waited for 19022 ms so far
[debug] [35m[WD Proxy][39m Matched '/elements' to command name 'findElements'
[debug] [35m[WD Proxy][39m Proxying [POST /elements] to [POST http://127.0.0.1:8290/wd/hub/session/25ef4345-d122-4dfb-b497-951e54ebc6aa/elements] with body: {"strategy":"xpath","selector":"//*[@class = 'android.widget.TextView' and (@text = 'Produk berhasil dihapus' or . = 'Produk berhasil dihapus') and @resource-id = 'id.binar.fp.secondhand:id/tv_message']","context":"","multiple":true}
[debug] [35m[WD Proxy][39m Got response with status 200: {"sessionId":"25ef4345-d122-4dfb-b497-951e54ebc6aa","value":[]}
[debug] [35m[BaseDriver][39m Waited for 19837 ms so far
[debug] [35m[WD Proxy][39m Matched '/elements' to command name 'findElements'
[debug] [35m[WD Proxy][39m Proxying [POST /elements] to [POST http://127.0.0.1:8290/wd/hub/session/25ef4345-d122-4dfb-b497-951e54ebc6aa/elements] with body: {"strategy":"xpath","selector":"//*[@class = 'android.widget.TextView' and (@text = 'Produk berhasil dihapus' or . = 'Produk berhasil dihapus') and @resource-id = 'id.binar.fp.secondhand:id/tv_message']","context":"","multiple":true}
[debug] [35m[WD Proxy][39m Got response with status 200: {"sessionId":"25ef4345-d122-4dfb-b497-951e54ebc6aa","value":[]}
[debug] [35m[BaseDriver][39m Waited for 20837 ms so far
[debug] [35m[WD Proxy][39m Matched '/elements' to command name 'findElements'
[debug] [35m[WD Proxy][39m Proxying [POST /elements] to [POST http://127.0.0.1:8290/wd/hub/session/25ef4345-d122-4dfb-b497-951e54ebc6aa/elements] with body: {"strategy":"xpath","selector":"//*[@class = 'android.widget.TextView' and (@text = 'Produk berhasil dihapus' or . = 'Produk berhasil dihapus') and @resource-id = 'id.binar.fp.secondhand:id/tv_message']","context":"","multiple":true}
[debug] [35m[WD Proxy][39m Got response with status 200: {"sessionId":"25ef4345-d122-4dfb-b497-951e54ebc6aa","value":[]}
[debug] [35m[BaseDriver][39m Waited for 22577 ms so far
[debug] [35m[WD Proxy][39m Matched '/elements' to command name 'findElements'
[debug] [35m[WD Proxy][39m Proxying [POST /elements] to [POST http://127.0.0.1:8290/wd/hub/session/25ef4345-d122-4dfb-b497-951e54ebc6aa/elements] with body: {"strategy":"xpath","selector":"//*[@class = 'android.widget.TextView' and (@text = 'Produk berhasil dihapus' or . = 'Produk berhasil dihapus') and @resource-id = 'id.binar.fp.secondhand:id/tv_message']","context":"","multiple":true}
[debug] [35m[WD Proxy][39m Got response with status 200: {"sessionId":"25ef4345-d122-4dfb-b497-951e54ebc6aa","value":[]}
[debug] [35m[BaseDriver][39m Waited for 23305 ms so far
[debug] [35m[WD Proxy][39m Matched '/elements' to command name 'findElements'
[debug] [35m[WD Proxy][39m Proxying [POST /elements] to [POST http://127.0.0.1:8290/wd/hub/session/25ef4345-d122-4dfb-b497-951e54ebc6aa/elements] with body: {"strategy":"xpath","selector":"//*[@class = 'android.widget.TextView' and (@text = 'Produk berhasil dihapus' or . = 'Produk berhasil dihapus') and @resource-id = 'id.binar.fp.secondhand:id/tv_message']","context":"","multiple":true}
[debug] [35m[WD Proxy][39m Got response with status 200: {"sessionId":"25ef4345-d122-4dfb-b497-951e54ebc6aa","value":[]}
[debug] [35m[BaseDriver][39m Waited for 24927 ms so far
[debug] [35m[WD Proxy][39m Matched '/elements' to command name 'findElements'
[debug] [35m[WD Proxy][39m Proxying [POST /elements] to [POST http://127.0.0.1:8290/wd/hub/session/25ef4345-d122-4dfb-b497-951e54ebc6aa/elements] with body: {"strategy":"xpath","selector":"//*[@class = 'android.widget.TextView' and (@text = 'Produk berhasil dihapus' or . = 'Produk berhasil dihapus') and @resource-id = 'id.binar.fp.secondhand:id/tv_message']","context":"","multiple":true}
[debug] [35m[WD Proxy][39m Got response with status 200: {"sessionId":"25ef4345-d122-4dfb-b497-951e54ebc6aa","value":[]}
[debug] [35m[BaseDriver][39m Waited for 27030 ms so far
[debug] [35m[WD Proxy][39m Matched '/elements' to command name 'findElements'
[debug] [35m[WD Proxy][39m Proxying [POST /elements] to [POST http://127.0.0.1:8290/wd/hub/session/25ef4345-d122-4dfb-b497-951e54ebc6aa/elements] with body: {"strategy":"xpath","selector":"//*[@class = 'android.widget.TextView' and (@text = 'Produk berhasil dihapus' or . = 'Produk berhasil dihapus') and @resource-id = 'id.binar.fp.secondhand:id/tv_message']","context":"","multiple":true}
[debug] [35m[WD Proxy][39m Got response with status 200: {"sessionId":"25ef4345-d122-4dfb-b497-951e54ebc6aa","value":[]}
[debug] [35m[BaseDriver][39m Waited for 27593 ms so far
[debug] [35m[WD Proxy][39m Matched '/elements' to command name 'findElements'
[debug] [35m[WD Proxy][39m Proxying [POST /elements] to [POST http://127.0.0.1:8290/wd/hub/session/25ef4345-d122-4dfb-b497-951e54ebc6aa/elements] with body: {"strategy":"xpath","selector":"//*[@class = 'android.widget.TextView' and (@text = 'Produk berhasil dihapus' or . = 'Produk berhasil dihapus') and @resource-id = 'id.binar.fp.secondhand:id/tv_message']","context":"","multiple":true}
[debug] [35m[WD Proxy][39m Got response with status 200: {"sessionId":"25ef4345-d122-4dfb-b497-951e54ebc6aa","value":[]}
[debug] [35m[BaseDriver][39m Waited for 30353 ms so far
[debug] [35m[WD Proxy][39m Matched '/elements' to command name 'findElements'
[debug] [35m[WD Proxy][39m Proxying [POST /elements] to [POST http://127.0.0.1:8290/wd/hub/session/25ef4345-d122-4dfb-b497-951e54ebc6aa/elements] with body: {"strategy":"xpath","selector":"//*[@class = 'android.widget.TextView' and (@text = 'Produk berhasil dihapus' or . = 'Produk berhasil dihapus') and @resource-id = 'id.binar.fp.secondhand:id/tv_message']","context":"","multiple":true}
[debug] [35m[WD Proxy][39m Got response with status 200: {"sessionId":"25ef4345-d122-4dfb-b497-951e54ebc6aa","value":[]}
[debug] [35m[BaseDriver][39m Waited for 32721 ms so far
[debug] [35m[WD Proxy][39m Matched '/elements' to command name 'findElements'
[debug] [35m[WD Proxy][39m Proxying [POST /elements] to [POST http://127.0.0.1:8290/wd/hub/session/25ef4345-d122-4dfb-b497-951e54ebc6aa/elements] with body: {"strategy":"xpath","selector":"//*[@class = 'android.widget.TextView' and (@text = 'Produk berhasil dihapus' or . = 'Produk berhasil dihapus') and @resource-id = 'id.binar.fp.secondhand:id/tv_message']","context":"","multiple":true}
[debug] [35m[WD Proxy][39m Got response with status 200: {"sessionId":"25ef4345-d122-4dfb-b497-951e54ebc6aa","value":[]}
[debug] [35m[BaseDriver][39m Waited for 33390 ms so far
[debug] [35m[WD Proxy][39m Matched '/elements' to command name 'findElements'
[debug] [35m[WD Proxy][39m Proxying [POST /elements] to [POST http://127.0.0.1:8290/wd/hub/session/25ef4345-d122-4dfb-b497-951e54ebc6aa/elements] with body: {"strategy":"xpath","selector":"//*[@class = 'android.widget.TextView' and (@text = 'Produk berhasil dihapus' or . = 'Produk berhasil dihapus') and @resource-id = 'id.binar.fp.secondhand:id/tv_message']","context":"","multiple":true}
[debug] [35m[WD Proxy][39m Got response with status 200: {"sessionId":"25ef4345-d122-4dfb-b497-951e54ebc6aa","value":[]}
[debug] [35m[BaseDriver][39m Waited for 34058 ms so far
[debug] [35m[WD Proxy][39m Matched '/elements' to command name 'findElements'
[debug] [35m[WD Proxy][39m Proxying [POST /elements] to [POST http://127.0.0.1:8290/wd/hub/session/25ef4345-d122-4dfb-b497-951e54ebc6aa/elements] with body: {"strategy":"xpath","selector":"//*[@class = 'android.widget.TextView' and (@text = 'Produk berhasil dihapus' or . = 'Produk berhasil dihapus') and @resource-id = 'id.binar.fp.secondhand:id/tv_message']","context":"","multiple":true}
[debug] [35m[WD Proxy][39m Got response with status 200: {"sessionId":"25ef4345-d122-4dfb-b497-951e54ebc6aa","value":[]}
[debug] [35m[BaseDriver][39m Waited for 35422 ms so far
[debug] [35m[WD Proxy][39m Matched '/elements' to command name 'findElements'
[debug] [35m[WD Proxy][39m Proxying [POST /elements] to [POST http://127.0.0.1:8290/wd/hub/session/25ef4345-d122-4dfb-b497-951e54ebc6aa/elements] with body: {"strategy":"xpath","selector":"//*[@class = 'android.widget.TextView' and (@text = 'Produk berhasil dihapus' or . = 'Produk berhasil dihapus') and @resource-id = 'id.binar.fp.secondhand:id/tv_message']","context":"","multiple":true}
[debug] [35m[WD Proxy][39m Got response with status 200: {"sessionId":"25ef4345-d122-4dfb-b497-951e54ebc6aa","value":[{"ELEMENT":"00000000-0000-0730-ffff-ffff00000346","element-6066-11e4-a52e-4f735466cecf":"00000000-0000-0730-ffff-ffff00000346"}]}
[debug] [35m[W3C (6d9533c7)][39m Responding to client with driver.findElements() result: [{"element-6066-11e4-a52e-4f735466cecf":"00000000-0000-0730-ffff-ffff00000346","ELEMENT":"00000000-0000-0730-ffff-ffff00000346"}]
[35m[HTTP][39m [37m<-- POST /wd/hub/session/6d9533c7-ba04-4c47-8ef3-178a80e4e791/elements [39m[32m200[39m [90m37130 ms - 139[39m
[35m[HTTP][39m [90m[39m
[35m[HTTP][39m [37m-->[39m [37mPOST[39m [37m/wd/hub/session/6d9533c7-ba04-4c47-8ef3-178a80e4e791/elements[39m
[35m[HTTP][39m [90m{"using":"xpath","value":"//*[@class = 'android.view.ViewGroup' and (@text = '' or . = '')]"}[39m
[debug] [35m[W3C (6d9533c7)][39m Calling AppiumDriver.findElements() with args: ["xpath","//*[@class = 'android.view.ViewGroup' and (@text = '' or . = '')]","6d9533c7-ba04-4c47-8ef3-178a80e4e791"]
[debug] [35m[BaseDriver][39m Valid locator strategies for this request: xpath, id, class name, accessibility id, css selector, -android uiautomator
[debug] [35m[BaseDriver][39m Waiting up to 60000 ms for condition
[debug] [35m[WD Proxy][39m Matched '/elements' to command name 'findElements'
[debug] [35m[WD Proxy][39m Proxying [POST /elements] to [POST http://127.0.0.1:8290/wd/hub/session/25ef4345-d122-4dfb-b497-951e54ebc6aa/elements] with body: {"strategy":"xpath","selector":"//*[@class = 'android.view.ViewGroup' and (@text = '' or . = '')]","context":"","multiple":true}
[debug] [35m[WD Proxy][39m Got response with status 200: {"sessionId":"25ef4345-d122-4dfb-b497-951e54ebc6aa","value":[{"ELEMENT":"00000000-0000-0730-ffff-ffff00000006","element-6066-11e4-a52e-4f735466cecf":"00000000-0000-0730-ffff-ffff00000006"},{"ELEMENT":"00000000-0000-0730-ffff-ffff000000d4","element-6066-11e4-a52e-4f735466cecf":"00000000-0000-0730-ffff-ffff000000d4"},{"ELEMENT":"00000000-0000-0730-ffff-ffff000000d5","element-6066-11e4-a52e-4f735466cecf":"00000000-0000-0730-ffff-ffff000000d5"},{"ELEMENT":"00000000-0000-0730-ffff-ffff000000d6","element-6066-11e4-a52e-4f735466cecf":"00000000-0000-0730-ffff-ffff000000d6"},{"ELEMENT":"00000000-0000-0730-ffff-ffff000000da","element-6066-11e4-a52e-4f735466cecf":"00000000-0000-0730-ffff-ffff000000da"},{"ELEMENT":"00000000-0000-0730-ffff-ffff000000ff","element-6066-11e4-a52e-4f735466cecf":"00000000-0000-0730-ffff-ffff000000ff"},{"ELEMENT":"00000000-0000-0730-ffff-ffff00000120","element-6066-11e4-a52e-4f735466cecf":"00000000-0000-0730-ffff-ffff00000120"},{"ELEMENT":"00000000-0000-0730-ffff-ffff000002cd","element-6066-...
[debug] [35m[W3C (6d9533c7)][39m Responding to client with driver.findElements() result: [{"element-6066-11e4-a52e-4f735466cecf":"00000000-0000-0730-ffff-ffff00000006","ELEMENT":"00000000-0000-0730-ffff-ffff00000006"},{"element-6066-11e4-a52e-4f735466cecf":"00000000-0000-0730-ffff-ffff000000d4","ELEMENT":"00000000-0000-0730-ffff-ffff000000d4"},{"element-6066-11e4-a52e-4f735466cecf":"00000000-0000-0730-ffff-ffff000000d5","ELEMENT":"00000000-0000-0730-ffff-ffff000000d5"},{"element-6066-11e4-a52e-4f735466cecf":"00000000-0000-0730-ffff-ffff000000d6","ELEMENT":"00000000-0000-0730-ffff-ffff000000d6"},{"element-6066-11e4-a52e-4f735466cecf":"00000000-0000-0730-ffff-ffff000000da","ELEMENT":"00000000-0000-0730-ffff-ffff000000da"},{"element-6066-11e4-a52e-4f735466cecf":"00000000-0000-0730-ffff-ffff000000ff","ELEMENT":"00000000-0000-0730-ffff-ffff000000ff"},{"element-6066-11e4-a52e-4f735466cecf":"00000000-0000-0730-ffff-ffff00000120","ELEMENT":"00000000-0000-0730-ffff-ffff00000120"},{"element-6066-11e4-a52e-4f735466cecf":"00000000-0000-0730-ffff-ffff000002cd","ELEMENT":"00000000-0000-0730-ffff-ffff000002c...
[35m[HTTP][39m [37m<-- POST /wd/hub/session/6d9533c7-ba04-4c47-8ef3-178a80e4e791/elements [39m[32m200[39m [90m159 ms - 1547[39m
[35m[HTTP][39m [90m[39m
[35m[HTTP][39m [37m-->[39m [37mPOST[39m [37m/wd/hub/session/6d9533c7-ba04-4c47-8ef3-178a80e4e791/elements[39m
[35m[HTTP][39m [90m{"using":"-android uiautomator","value":"new UiSelector().className(\"android.view.ViewGroup\")"}[39m
[debug] [35m[W3C (6d9533c7)][39m Calling AppiumDriver.findElements() with args: ["-android uiautomator","new UiSelector().className(\"android.view.ViewGroup\")","6d9533c7-ba04-4c47-8ef3-178a80e4e791"]
[debug] [35m[BaseDriver][39m Valid locator strategies for this request: xpath, id, class name, accessibility id, css selector, -android uiautomator
[debug] [35m[BaseDriver][39m Waiting up to 60000 ms for condition
[debug] [35m[WD Proxy][39m Matched '/elements' to command name 'findElements'
[debug] [35m[WD Proxy][39m Proxying [POST /elements] to [POST http://127.0.0.1:8290/wd/hub/session/25ef4345-d122-4dfb-b497-951e54ebc6aa/elements] with body: {"strategy":"-android uiautomator","selector":"new UiSelector().className(\"android.view.ViewGroup\")","context":"","multiple":true}
[debug] [35m[WD Proxy][39m Got response with status 200: {"sessionId":"25ef4345-d122-4dfb-b497-951e54ebc6aa","value":[{"ELEMENT":"00000000-0000-0730-ffff-ffff00000006","element-6066-11e4-a52e-4f735466cecf":"00000000-0000-0730-ffff-ffff00000006"},{"ELEMENT":"00000000-0000-0730-ffff-ffff000000d4","element-6066-11e4-a52e-4f735466cecf":"00000000-0000-0730-ffff-ffff000000d4"},{"ELEMENT":"00000000-0000-0730-ffff-ffff000000d5","element-6066-11e4-a52e-4f735466cecf":"00000000-0000-0730-ffff-ffff000000d5"},{"ELEMENT":"00000000-0000-0730-ffff-ffff000000d6","element-6066-11e4-a52e-4f735466cecf":"00000000-0000-0730-ffff-ffff000000d6"},{"ELEMENT":"00000000-0000-0730-ffff-ffff000000da","element-6066-11e4-a52e-4f735466cecf":"00000000-0000-0730-ffff-ffff000000da"},{"ELEMENT":"00000000-0000-0730-ffff-ffff000000ff","element-6066-11e4-a52e-4f735466cecf":"00000000-0000-0730-ffff-ffff000000ff"},{"ELEMENT":"00000000-0000-0730-ffff-ffff00000120","element-6066-11e4-a52e-4f735466cecf":"00000000-0000-0730-ffff-ffff00000120"},{"ELEMENT":"00000000-0000-0730-ffff-ffff000002cd","element-6066-...
[debug] [35m[W3C (6d9533c7)][39m Responding to client with driver.findElements() result: [{"element-6066-11e4-a52e-4f735466cecf":"00000000-0000-0730-ffff-ffff00000006","ELEMENT":"00000000-0000-0730-ffff-ffff00000006"},{"element-6066-11e4-a52e-4f735466cecf":"00000000-0000-0730-ffff-ffff000000d4","ELEMENT":"00000000-0000-0730-ffff-ffff000000d4"},{"element-6066-11e4-a52e-4f735466cecf":"00000000-0000-0730-ffff-ffff000000d5","ELEMENT":"00000000-0000-0730-ffff-ffff000000d5"},{"element-6066-11e4-a52e-4f735466cecf":"00000000-0000-0730-ffff-ffff000000d6","ELEMENT":"00000000-0000-0730-ffff-ffff000000d6"},{"element-6066-11e4-a52e-4f735466cecf":"00000000-0000-0730-ffff-ffff000000da","ELEMENT":"00000000-0000-0730-ffff-ffff000000da"},{"element-6066-11e4-a52e-4f735466cecf":"00000000-0000-0730-ffff-ffff000000ff","ELEMENT":"00000000-0000-0730-ffff-ffff000000ff"},{"element-6066-11e4-a52e-4f735466cecf":"00000000-0000-0730-ffff-ffff00000120","ELEMENT":"00000000-0000-0730-ffff-ffff00000120"},{"element-6066-11e4-a52e-4f735466cecf":"00000000-0000-0730-ffff-ffff000002cd","ELEMENT":"00000000-0000-0730-ffff-ffff000002c...
[35m[HTTP][39m [37m<-- POST /wd/hub/session/6d9533c7-ba04-4c47-8ef3-178a80e4e791/elements [39m[32m200[39m [90m1108 ms - 1547[39m
[35m[HTTP][39m [90m[39m
[debug] [35m[Instrumentation][39m .
[debug] [35m[Instrumentation][39m Time: 287.573
[debug] [35m[Instrumentation][39m 
[debug] [35m[Instrumentation][39m OK (1 test)
[debug] [35m[Instrumentation][39m The process has exited with code 0
[35m[HTTP][39m [37m-->[39m [37mDELETE[39m [37m/wd/hub/session/6d9533c7-ba04-4c47-8ef3-178a80e4e791[39m
[35m[HTTP][39m [90m{}[39m
[debug] [35m[W3C (6d9533c7)][39m Calling AppiumDriver.deleteSession() with args: ["6d9533c7-ba04-4c47-8ef3-178a80e4e791"]
[debug] [35m[BaseDriver][39m Event 'quitSessionRequested' logged at 1688121415354 (17:36:55 GMT+0700 (Indochina Time))
[35m[Appium][39m Removing session 6d9533c7-ba04-4c47-8ef3-178a80e4e791 from our master session list
[debug] [35m[UiAutomator2][39m Deleting UiAutomator2 session
[debug] [35m[UiAutomator2][39m Deleting UiAutomator2 server session
[35m[UiAutomator2][39m Did not get confirmation UiAutomator2 deleteSession worked; Error was: UnknownError: An unknown server-side error occurred while processing the command. Original error: 'DELETE /' cannot be proxied to UiAutomator2 server because the instrumentation process is not running (probably crashed). Check the server log and/or the logcat output for more details
[debug] [35m[ADB][39m Running 'C:\Users\ASUS\AppData\Local\Android\Sdk\platform-tools\adb.exe -P 5037 -s fd03a52e shell am force-stop com.android.settings'
[debug] [35m[Logcat][39m Stopping logcat capture
[debug] [35m[ADB][39m Removing forwarded port socket connection: 8290 
[debug] [35m[ADB][39m Running 'C:\Users\ASUS\AppData\Local\Android\Sdk\platform-tools\adb.exe -P 5037 -s fd03a52e forward --remove tcp:8290'
[35m[UiAutomator2][39m Restoring hidden api policy to the device default configuration
[debug] [35m[ADB][39m Running 'C:\Users\ASUS\AppData\Local\Android\Sdk\platform-tools\adb.exe -P 5037 -s fd03a52e shell 'settings delete global hidden_api_policy_pre_p_apps;settings delete global hidden_api_policy_p_apps;settings delete global hidden_api_policy''
[35m[ADB][39m Failed to delete keys 'hidden_api_policy_pre_p_apps,hidden_api_policy_p_apps,hidden_api_policy'. Original error: Error executing adbExec. Original error: 'Command 'C:\\Users\\ASUS\\AppData\\Local\\Android\\Sdk\\platform-tools\\adb.exe -P 5037 -s fd03a52e shell 'settings delete global hidden_api_policy_pre_p_apps;settings delete global hidden_api_policy_p_apps;settings delete global hidden_api_policy'' exited with code 255'; Command output: 
[35m[ADB][39m Exception occurred while executing 'delete':
[35m[ADB][39m java.lang.SecurityException: Permission denial: writing to settings requires:android.permission.WRITE_SECURE_SETTINGS
[35m[ADB][39m 	at com.android.providers.settings.SettingsProvider.enforceWritePermission(SettingsProvider.java:2399)
[35m[ADB][39m 	at com.android.providers.settings.SettingsProvider.mutateGlobalSetting(SettingsProvider.java:1428)
[35m[ADB][39m 	at com.android.providers.settings.SettingsProvider.mutateGlobalSetting(SettingsProvider.java:1420)
[35m[ADB][39m 	at com.android.providers.settings.SettingsProvider.deleteGlobalSetting(SettingsProvider.java:1391)
[35m[ADB][39m 	at com.android.providers.settings.SettingsProvider.call(SettingsProvider.java:576)
[35m[ADB][39m 	at android.content.ContentProvider.call(ContentProvider.java:2448)
[35m[ADB][39m 	at android.content.ContentProvider$Transport.call(ContentProvider.java:517)
[35m[ADB][39m 	at com.android.providers.settings.SettingsService$MyShellCommand.deleteForUser(SettingsService.java:399)
[35m[ADB][39m 	at com.android.providers.settings.SettingsService$MyShellCommand.onCommand(SettingsService.java:281)
[35m[ADB][39m 	at android.os.BasicShellCommandHandler.exec(BasicShellCommandHandler.java:98)
[35m[ADB][39m 	at android.os.ShellCommand.exec(ShellCommand.java:44)
[35m[ADB][39m 	at com.android.providers.settings.SettingsService.onShellCommand(SettingsService.java:49)
[35m[ADB][39m 	at android.os.Binder.shellCommand(Binder.java:936)
[35m[ADB][39m 	at android.os.Binder.onTransact(Binder.java:820)
[35m[ADB][39m 	at android.os.Binder.execTransactInternal(Binder.java:1166)
[35m[ADB][39m 	at android.os.Binder.execTransact(Binder.java:1130)
[35m[ADB][39m 
[35m[ADB][39m Exception occurred while executing 'delete':
[35m[ADB][39m java.lang.SecurityException: Permission denial: writing to settings requires:android.permission.WRITE_SECURE_SETTINGS
[35m[ADB][39m 	at com.android.providers.settings.SettingsProvider.enforceWritePermission(SettingsProvider.java:2399)
[35m[ADB][39m 	at com.android.providers.settings.SettingsProvider.mutateGlobalSetting(SettingsProvider.java:1428)
[35m[ADB][39m 	at com.android.providers.settings.SettingsProvider.mutateGlobalSetting(SettingsProvider.java:1420)
[35m[ADB][39m 	at com.android.providers.settings.SettingsProvider.deleteGlobalSetting(SettingsProvider.java:1391)
[35m[ADB][39m 	at com.android.providers.settings.SettingsProvider.call(SettingsProvider.java:576)
[35m[ADB][39m 	at android.content.ContentProvider.call(ContentProvider.java:2448)
[35m[ADB][39m 	at android.content.ContentProvider$Transport.call(ContentProvider.java:517)
[35m[ADB][39m 	at com.android.providers.settings.SettingsService$MyShellCommand.deleteForUser(SettingsService.java:399)
[35m[ADB][39m 	at com.android.providers.settings.SettingsService$MyShellCommand.onCommand(SettingsService.java:281)
[35m[ADB][39m 	at android.os.BasicShellCommandHandler.exec(BasicShellCommandHandler.java:98)
[35m[ADB][39m 	at android.os.ShellCommand.exec(ShellCommand.java:44)
[35m[ADB][39m 	at com.android.providers.settings.SettingsService.onShellCommand(SettingsService.java:49)
[35m[ADB][39m 	at android.os.Binder.shellCommand(Binder.java:936)
[35m[ADB][39m 	at android.os.Binder.onTransact(Binder.java:820)
[35m[ADB][39m 	at android.os.Binder.execTransactInternal(Binder.java:1166)
[35m[ADB][39m 	at android.os.Binder.execTransact(Binder.java:1130)
[35m[ADB][39m 
[35m[ADB][39m Exception occurred while executing 'delete':
[35m[ADB][39m java.lang.SecurityException: Permission denial: writing to settings requires:android.permission.WRITE_SECURE_SETTINGS
[35m[ADB][39m 	at com.android.providers.settings.SettingsProvider.enforceWritePermission(SettingsProvider.java:2399)
[35m[ADB][39m 	at com.android.providers.settings.SettingsProvider.mutateGlobalSetting(SettingsProvider.java:1428)
[35m[ADB][39m 	at com.android.providers.settings.SettingsProvider.mutateGlobalSetting(SettingsProvider.java:1420)
[35m[ADB][39m 	at com.android.providers.settings.SettingsProvider.deleteGlobalSetting(SettingsProvider.java:1391)
[35m[ADB][39m 	at com.android.providers.settings.SettingsProvider.call(SettingsProvider.java:576)
[35m[ADB][39m 	at android.content.ContentProvider.call(ContentProvider.java:2448)
[35m[ADB][39m 	at android.content.ContentProvider$Transport.call(ContentProvider.java:517)
[35m[ADB][39m 	at com.android.providers.settings.SettingsService$MyShellCommand.deleteForUser(SettingsService.java:399)
[35m[ADB][39m 	at com.android.providers.settings.SettingsService$MyShellCommand.onCommand(SettingsService.java:281)
[35m[ADB][39m 	at android.os.BasicShellCommandHandler.exec(BasicShellCommandHandler.java:98)
[35m[ADB][39m 	at android.os.ShellCommand.exec(ShellCommand.java:44)
[35m[ADB][39m 	at com.android.providers.settings.SettingsService.onShellCommand(SettingsService.java:49)
[35m[ADB][39m 	at android.os.Binder.shellCommand(Binder.java:936)
[35m[ADB][39m 	at android.os.Binder.onTransact(Binder.java:820)
[35m[ADB][39m 	at android.os.Binder.execTransactInternal(Binder.java:1166)
[35m[ADB][39m 	at android.os.Binder.execTransact(Binder.java:1130)
[35m[ADB][39m 
[debug] [35m[BaseDriver][39m Event 'quitSessionFinished' logged at 1688121415784 (17:36:55 GMT+0700 (Indochina Time))
[debug] [35m[W3C (6d9533c7)][39m Received response: null
[debug] [35m[W3C (6d9533c7)][39m But deleting session, so not returning
[debug] [35m[W3C (6d9533c7)][39m Responding to client with driver.deleteSession() result: null
[35m[HTTP][39m [37m<-- DELETE /wd/hub/session/6d9533c7-ba04-4c47-8ef3-178a80e4e791 [39m[32m200[39m [90m430 ms - 14[39m
[35m[HTTP][39m [90m[39m
